Start testing: Feb 10 23:50 UTC
----------------------------------------------------------
1/35 Testing: DatabaseReadback.EmptyDatabase
1/35 Test: DatabaseReadback.EmptyDatabase
Command: "/home/codio/workspace/hw2/hw2_tests/amazon_tests/amazon_tests" "--gtest_filter=DatabaseReadback.EmptyDatabase"
Directory: /home/codio/workspace/hw2/hw2_tests/amazon_tests
"DatabaseReadback.EmptyDatabase" start time: Feb 10 23:50 UTC
Output:
----------------------------------------------------------
Running main() from /home/codio/googletest/googletest/src/gtest_main.cc
Note: Google Test filter = DatabaseReadback.EmptyDatabase
[==========] Running 1 test from 1 test suite.
[----------] Global test environment set-up.
[----------] 1 test from DatabaseReadback
[ RUN      ] DatabaseReadback.EmptyDatabase
This test is executing your program with the following command line: 
/usr/bin/valgrind --tool=memcheck -q --leak-check=yes --error-exitcode=113 /home/codio/workspace/hw2/amazon /home/codio/workspace/hw2/hw2_tests/amazon_tests/testFiles/EmptyDatabase/database.txt
Your program's STDIN was piped from: /home/codio/workspace/hw2/hw2_tests/amazon_tests/testFiles/EmptyDatabase/input.txt
Your program's STDOUT was written to: /home/codio/workspace/hw2/hw2_tests/amazon_tests/testFiles/EmptyDatabase/output.txt
/home/codio/workspace/hw2/hw2_tests/amazon_tests/amazon_tests.cpp:30: Failure
Value of: checkDatabase(commands, inputDatabase, expectedDatabase)
  Actual: false (No products section found in database)
Expected: true
[  FAILED  ] DatabaseReadback.EmptyDatabase (1327 ms)
[----------] 1 test from DatabaseReadback (1327 ms total)

[----------] Global test environment tear-down
[==========] 1 test from 1 test suite ran. (1327 ms total)
[  PASSED  ] 0 tests.
[  FAILED  ] 1 test, listed below:
[  FAILED  ] DatabaseReadback.EmptyDatabase

 1 FAILED TEST
<end of output>
Test time =   1.33 sec
----------------------------------------------------------
Test Failed.
"DatabaseReadback.EmptyDatabase" end time: Feb 10 23:50 UTC
"DatabaseReadback.EmptyDatabase" time elapsed: 00:00:01
----------------------------------------------------------

2/35 Testing: DatabaseReadback.Book
2/35 Test: DatabaseReadback.Book
Command: "/home/codio/workspace/hw2/hw2_tests/amazon_tests/amazon_tests" "--gtest_filter=DatabaseReadback.Book"
Directory: /home/codio/workspace/hw2/hw2_tests/amazon_tests
"DatabaseReadback.Book" start time: Feb 10 23:50 UTC
Output:
----------------------------------------------------------
Running main() from /home/codio/googletest/googletest/src/gtest_main.cc
Note: Google Test filter = DatabaseReadback.Book
[==========] Running 1 test from 1 test suite.
[----------] Global test environment set-up.
[----------] 1 test from DatabaseReadback
[ RUN      ] DatabaseReadback.Book
This test is executing your program with the following command line: 
/usr/bin/valgrind --tool=memcheck -q --leak-check=yes --error-exitcode=113 /home/codio/workspace/hw2/amazon /home/codio/workspace/hw2/hw2_tests/amazon_tests/testFiles/Book/database.txt
Your program's STDIN was piped from: /home/codio/workspace/hw2/hw2_tests/amazon_tests/testFiles/Book/input.txt
Your program's STDOUT was written to: /home/codio/workspace/hw2/hw2_tests/amazon_tests/testFiles/Book/output.txt
==1052== 214 (152 direct, 62 indirect) bytes in 1 blocks are definitely lost in loss record 3 of 3
==1052==    at 0x4C3017F: operator new(unsigned long) (in /usr/lib/valgrind/vgpreload_memcheck-amd64-linux.so)
==1052==    by 0x11A31C: ProductBookParser::makeProduct() (product_parser.cpp:133)
==1052==    by 0x11A1B6: ProductBookParser::parseSpecificProduct(std::__cxx11::basic_string<char, std::char_traits<char>, std::allocator<char> >, std::istream&, bool&, std::__cxx11::basic_string<char, std::char_traits<char>, std::allocator<char> >&, int&) (product_parser.cpp:117)
==1052==    by 0x119B94: ProductParser::parse(std::__cxx11::basic_string<char, std::char_traits<char>, std::allocator<char> >, std::istream&, bool&, std::__cxx11::basic_string<char, std::char_traits<char>, std::allocator<char> >&, int&) (product_parser.cpp:32)
==1052==    by 0x113542: ProductSectionParser::parseProduct(std::__cxx11::basic_string<char, std::char_traits<char>, std::allocator<char> > const&, std::istream&, int&, std::__cxx11::basic_string<char, std::char_traits<char>, std::allocator<char> >&) (db_parser.cpp:167)
==1052==    by 0x11331C: ProductSectionParser::parse(std::istream&, DataStore&, int&, std::__cxx11::basic_string<char, std::char_traits<char>, std::allocator<char> >&) (db_parser.cpp:146)
==1052==    by 0x112C33: DBParser::parse(std::__cxx11::basic_string<char, std::char_traits<char>, std::allocator<char> >, DataStore&) (db_parser.cpp:74)
==1052==    by 0x10BE93: main (amazon.cpp:50)
==1052== 
WARNING: user program created Valgrind errors!
/home/codio/workspace/hw2/hw2_tests/amazon_tests/amazon_tests.cpp:63: Failure
Value of: checkDatabase(commands, inputDatabase, expectedDatabase)
  Actual: false (User program failed Valgrind 113)
Expected: true
[  FAILED  ] DatabaseReadback.Book (1532 ms)
[----------] 1 test from DatabaseReadback (1532 ms total)

[----------] Global test environment tear-down
[==========] 1 test from 1 test suite ran. (1532 ms total)
[  PASSED  ] 0 tests.
[  FAILED  ] 1 test, listed below:
[  FAILED  ] DatabaseReadback.Book

 1 FAILED TEST
<end of output>
Test time =   1.54 sec
----------------------------------------------------------
Test Failed.
"DatabaseReadback.Book" end time: Feb 10 23:50 UTC
"DatabaseReadback.Book" time elapsed: 00:00:01
----------------------------------------------------------

3/35 Testing: DatabaseReadback.Clothing
3/35 Test: DatabaseReadback.Clothing
Command: "/home/codio/workspace/hw2/hw2_tests/amazon_tests/amazon_tests" "--gtest_filter=DatabaseReadback.Clothing"
Directory: /home/codio/workspace/hw2/hw2_tests/amazon_tests
"DatabaseReadback.Clothing" start time: Feb 10 23:50 UTC
Output:
----------------------------------------------------------
Running main() from /home/codio/googletest/googletest/src/gtest_main.cc
Note: Google Test filter = DatabaseReadback.Clothing
[==========] Running 1 test from 1 test suite.
[----------] Global test environment set-up.
[----------] 1 test from DatabaseReadback
[ RUN      ] DatabaseReadback.Clothing
This test is executing your program with the following command line: 
/usr/bin/valgrind --tool=memcheck -q --leak-check=yes --error-exitcode=113 /home/codio/workspace/hw2/amazon /home/codio/workspace/hw2/hw2_tests/amazon_tests/testFiles/Clothing/database.txt
Your program's STDIN was piped from: /home/codio/workspace/hw2/hw2_tests/amazon_tests/testFiles/Clothing/input.txt
Your program's STDOUT was written to: /home/codio/workspace/hw2/hw2_tests/amazon_tests/testFiles/Clothing/output.txt
==1054== 171 (152 direct, 19 indirect) bytes in 1 blocks are definitely lost in loss record 2 of 2
==1054==    at 0x4C3017F: operator new(unsigned long) (in /usr/lib/valgrind/vgpreload_memcheck-amd64-linux.so)
==1054==    by 0x11A76C: ProductClothingParser::makeProduct() (product_parser.cpp:187)
==1054==    by 0x11A606: ProductClothingParser::parseSpecificProduct(std::__cxx11::basic_string<char, std::char_traits<char>, std::allocator<char> >, std::istream&, bool&, std::__cxx11::basic_string<char, std::char_traits<char>, std::allocator<char> >&, int&) (product_parser.cpp:171)
==1054==    by 0x119B94: ProductParser::parse(std::__cxx11::basic_string<char, std::char_traits<char>, std::allocator<char> >, std::istream&, bool&, std::__cxx11::basic_string<char, std::char_traits<char>, std::allocator<char> >&, int&) (product_parser.cpp:32)
==1054==    by 0x113542: ProductSectionParser::parseProduct(std::__cxx11::basic_string<char, std::char_traits<char>, std::allocator<char> > const&, std::istream&, int&, std::__cxx11::basic_string<char, std::char_traits<char>, std::allocator<char> >&) (db_parser.cpp:167)
==1054==    by 0x11331C: ProductSectionParser::parse(std::istream&, DataStore&, int&, std::__cxx11::basic_string<char, std::char_traits<char>, std::allocator<char> >&) (db_parser.cpp:146)
==1054==    by 0x112C33: DBParser::parse(std::__cxx11::basic_string<char, std::char_traits<char>, std::allocator<char> >, DataStore&) (db_parser.cpp:74)
==1054==    by 0x10BE93: main (amazon.cpp:50)
==1054== 
WARNING: user program created Valgrind errors!
/home/codio/workspace/hw2/hw2_tests/amazon_tests/amazon_tests.cpp:96: Failure
Value of: checkDatabase(commands, inputDatabase, expectedDatabase)
  Actual: false (User program failed Valgrind 113)
Expected: true
[  FAILED  ] DatabaseReadback.Clothing (1399 ms)
[----------] 1 test from DatabaseReadback (1399 ms total)

[----------] Global test environment tear-down
[==========] 1 test from 1 test suite ran. (1399 ms total)
[  PASSED  ] 0 tests.
[  FAILED  ] 1 test, listed below:
[  FAILED  ] DatabaseReadback.Clothing

 1 FAILED TEST
<end of output>
Test time =   1.40 sec
----------------------------------------------------------
Test Failed.
"DatabaseReadback.Clothing" end time: Feb 10 23:50 UTC
"DatabaseReadback.Clothing" time elapsed: 00:00:01
----------------------------------------------------------

4/35 Testing: DatabaseReadback.Movie
4/35 Test: DatabaseReadback.Movie
Command: "/home/codio/workspace/hw2/hw2_tests/amazon_tests/amazon_tests" "--gtest_filter=DatabaseReadback.Movie"
Directory: /home/codio/workspace/hw2/hw2_tests/amazon_tests
"DatabaseReadback.Movie" start time: Feb 10 23:50 UTC
Output:
----------------------------------------------------------
Running main() from /home/codio/googletest/googletest/src/gtest_main.cc
Note: Google Test filter = DatabaseReadback.Movie
[==========] Running 1 test from 1 test suite.
[----------] Global test environment set-up.
[----------] 1 test from DatabaseReadback
[ RUN      ] DatabaseReadback.Movie
This test is executing your program with the following command line: 
/usr/bin/valgrind --tool=memcheck -q --leak-check=yes --error-exitcode=113 /home/codio/workspace/hw2/amazon /home/codio/workspace/hw2/hw2_tests/amazon_tests/testFiles/Movie/database.txt
Your program's STDIN was piped from: /home/codio/workspace/hw2/hw2_tests/amazon_tests/testFiles/Movie/input.txt
Your program's STDOUT was written to: /home/codio/workspace/hw2/hw2_tests/amazon_tests/testFiles/Movie/output.txt
==1056== 171 (152 direct, 19 indirect) bytes in 1 blocks are definitely lost in loss record 2 of 2
==1056==    at 0x4C3017F: operator new(unsigned long) (in /usr/lib/valgrind/vgpreload_memcheck-amd64-linux.so)
==1056==    by 0x11ABE8: ProductMovieParser::makeProduct() (product_parser.cpp:243)
==1056==    by 0x11AA5E: ProductMovieParser::parseSpecificProduct(std::__cxx11::basic_string<char, std::char_traits<char>, std::allocator<char> >, std::istream&, bool&, std::__cxx11::basic_string<char, std::char_traits<char>, std::allocator<char> >&, int&) (product_parser.cpp:227)
==1056==    by 0x119B94: ProductParser::parse(std::__cxx11::basic_string<char, std::char_traits<char>, std::allocator<char> >, std::istream&, bool&, std::__cxx11::basic_string<char, std::char_traits<char>, std::allocator<char> >&, int&) (product_parser.cpp:32)
==1056==    by 0x113542: ProductSectionParser::parseProduct(std::__cxx11::basic_string<char, std::char_traits<char>, std::allocator<char> > const&, std::istream&, int&, std::__cxx11::basic_string<char, std::char_traits<char>, std::allocator<char> >&) (db_parser.cpp:167)
==1056==    by 0x11331C: ProductSectionParser::parse(std::istream&, DataStore&, int&, std::__cxx11::basic_string<char, std::char_traits<char>, std::allocator<char> >&) (db_parser.cpp:146)
==1056==    by 0x112C33: DBParser::parse(std::__cxx11::basic_string<char, std::char_traits<char>, std::allocator<char> >, DataStore&) (db_parser.cpp:74)
==1056==    by 0x10BE93: main (amazon.cpp:50)
==1056== 
WARNING: user program created Valgrind errors!
/home/codio/workspace/hw2/hw2_tests/amazon_tests/amazon_tests.cpp:129: Failure
Value of: checkDatabase(commands, inputDatabase, expectedDatabase)
  Actual: false (User program failed Valgrind 113)
Expected: true
[  FAILED  ] DatabaseReadback.Movie (1535 ms)
[----------] 1 test from DatabaseReadback (1535 ms total)

[----------] Global test environment tear-down
[==========] 1 test from 1 test suite ran. (1535 ms total)
[  PASSED  ] 0 tests.
[  FAILED  ] 1 test, listed below:
[  FAILED  ] DatabaseReadback.Movie

 1 FAILED TEST
<end of output>
Test time =   1.54 sec
----------------------------------------------------------
Test Failed.
"DatabaseReadback.Movie" end time: Feb 10 23:50 UTC
"DatabaseReadback.Movie" time elapsed: 00:00:01
----------------------------------------------------------

5/35 Testing: DatabaseReadback.User
5/35 Test: DatabaseReadback.User
Command: "/home/codio/workspace/hw2/hw2_tests/amazon_tests/amazon_tests" "--gtest_filter=DatabaseReadback.User"
Directory: /home/codio/workspace/hw2/hw2_tests/amazon_tests
"DatabaseReadback.User" start time: Feb 10 23:50 UTC
Output:
----------------------------------------------------------
Running main() from /home/codio/googletest/googletest/src/gtest_main.cc
Note: Google Test filter = DatabaseReadback.User
[==========] Running 1 test from 1 test suite.
[----------] Global test environment set-up.
[----------] 1 test from DatabaseReadback
[ RUN      ] DatabaseReadback.User
This test is executing your program with the following command line: 
/usr/bin/valgrind --tool=memcheck -q --leak-check=yes --error-exitcode=113 /home/codio/workspace/hw2/amazon /home/codio/workspace/hw2/hw2_tests/amazon_tests/testFiles/User/database.txt
Your program's STDIN was piped from: /home/codio/workspace/hw2/hw2_tests/amazon_tests/testFiles/User/input.txt
Your program's STDOUT was written to: /home/codio/workspace/hw2/hw2_tests/amazon_tests/testFiles/User/output.txt
==1058== 56 bytes in 1 blocks are definitely lost in loss record 1 of 1
==1058==    at 0x4C3017F: operator new(unsigned long) (in /usr/lib/valgrind/vgpreload_memcheck-amd64-linux.so)
==1058==    by 0x113A03: UserSectionParser::parseUser(std::istream&, DataStore&, std::__cxx11::basic_string<char, std::char_traits<char>, std::allocator<char> >&) (db_parser.cpp:230)
==1058==    by 0x1137A6: UserSectionParser::parse(std::istream&, DataStore&, int&, std::__cxx11::basic_string<char, std::char_traits<char>, std::allocator<char> >&) (db_parser.cpp:195)
==1058==    by 0x112C33: DBParser::parse(std::__cxx11::basic_string<char, std::char_traits<char>, std::allocator<char> >, DataStore&) (db_parser.cpp:74)
==1058==    by 0x10BE93: main (amazon.cpp:50)
==1058== 
WARNING: user program created Valgrind errors!
/home/codio/workspace/hw2/hw2_tests/amazon_tests/amazon_tests.cpp:152: Failure
Value of: checkDatabase(commands, inputDatabase, expectedDatabase)
  Actual: false (User program failed Valgrind 113)
Expected: true
[  FAILED  ] DatabaseReadback.User (1341 ms)
[----------] 1 test from DatabaseReadback (1341 ms total)

[----------] Global test environment tear-down
[==========] 1 test from 1 test suite ran. (1341 ms total)
[  PASSED  ] 0 tests.
[  FAILED  ] 1 test, listed below:
[  FAILED  ] DatabaseReadback.User

 1 FAILED TEST
<end of output>
Test time =   1.35 sec
----------------------------------------------------------
Test Failed.
"DatabaseReadback.User" end time: Feb 10 23:50 UTC
"DatabaseReadback.User" time elapsed: 00:00:01
----------------------------------------------------------

6/35 Testing: DatabaseReadback.Mixed
6/35 Test: DatabaseReadback.Mixed
Command: "/home/codio/workspace/hw2/hw2_tests/amazon_tests/amazon_tests" "--gtest_filter=DatabaseReadback.Mixed"
Directory: /home/codio/workspace/hw2/hw2_tests/amazon_tests
"DatabaseReadback.Mixed" start time: Feb 10 23:50 UTC
Output:
----------------------------------------------------------
Running main() from /home/codio/googletest/googletest/src/gtest_main.cc
Note: Google Test filter = DatabaseReadback.Mixed
[==========] Running 1 test from 1 test suite.
[----------] Global test environment set-up.
[----------] 1 test from DatabaseReadback
[ RUN      ] DatabaseReadback.Mixed
This test is executing your program with the following command line: 
/usr/bin/valgrind --tool=memcheck -q --leak-check=yes --error-exitcode=113 /home/codio/workspace/hw2/amazon /home/codio/workspace/hw2/hw2_tests/amazon_tests/testFiles/Mixed/database.txt
Your program's STDIN was piped from: /home/codio/workspace/hw2/hw2_tests/amazon_tests/testFiles/Mixed/input.txt
Your program's STDOUT was written to: /home/codio/workspace/hw2/hw2_tests/amazon_tests/testFiles/Mixed/output.txt
==1060== 56 bytes in 1 blocks are definitely lost in loss record 4 of 8
==1060==    at 0x4C3017F: operator new(unsigned long) (in /usr/lib/valgrind/vgpreload_memcheck-amd64-linux.so)
==1060==    by 0x113A03: UserSectionParser::parseUser(std::istream&, DataStore&, std::__cxx11::basic_string<char, std::char_traits<char>, std::allocator<char> >&) (db_parser.cpp:230)
==1060==    by 0x1137A6: UserSectionParser::parse(std::istream&, DataStore&, int&, std::__cxx11::basic_string<char, std::char_traits<char>, std::allocator<char> >&) (db_parser.cpp:195)
==1060==    by 0x112C33: DBParser::parse(std::__cxx11::basic_string<char, std::char_traits<char>, std::allocator<char> >, DataStore&) (db_parser.cpp:74)
==1060==    by 0x10BE93: main (amazon.cpp:50)
==1060== 
==1060== 171 (152 direct, 19 indirect) bytes in 1 blocks are definitely lost in loss record 6 of 8
==1060==    at 0x4C3017F: operator new(unsigned long) (in /usr/lib/valgrind/vgpreload_memcheck-amd64-linux.so)
==1060==    by 0x11A76C: ProductClothingParser::makeProduct() (product_parser.cpp:187)
==1060==    by 0x11A606: ProductClothingParser::parseSpecificProduct(std::__cxx11::basic_string<char, std::char_traits<char>, std::allocator<char> >, std::istream&, bool&, std::__cxx11::basic_string<char, std::char_traits<char>, std::allocator<char> >&, int&) (product_parser.cpp:171)
==1060==    by 0x119B94: ProductParser::parse(std::__cxx11::basic_string<char, std::char_traits<char>, std::allocator<char> >, std::istream&, bool&, std::__cxx11::basic_string<char, std::char_traits<char>, std::allocator<char> >&, int&) (product_parser.cpp:32)
==1060==    by 0x113542: ProductSectionParser::parseProduct(std::__cxx11::basic_string<char, std::char_traits<char>, std::allocator<char> > const&, std::istream&, int&, std::__cxx11::basic_string<char, std::char_traits<char>, std::allocator<char> >&) (db_parser.cpp:167)
==1060==    by 0x11331C: ProductSectionParser::parse(std::istream&, DataStore&, int&, std::__cxx11::basic_string<char, std::char_traits<char>, std::allocator<char> >&) (db_parser.cpp:146)
==1060==    by 0x112C33: DBParser::parse(std::__cxx11::basic_string<char, std::char_traits<char>, std::allocator<char> >, DataStore&) (db_parser.cpp:74)
==1060==    by 0x10BE93: main (amazon.cpp:50)
==1060== 
==1060== 171 (152 direct, 19 indirect) bytes in 1 blocks are definitely lost in loss record 7 of 8
==1060==    at 0x4C3017F: operator new(unsigned long) (in /usr/lib/valgrind/vgpreload_memcheck-amd64-linux.so)
==1060==    by 0x11ABE8: ProductMovieParser::makeProduct() (product_parser.cpp:243)
==1060==    by 0x11AA5E: ProductMovieParser::parseSpecificProduct(std::__cxx11::basic_string<char, std::char_traits<char>, std::allocator<char> >, std::istream&, bool&, std::__cxx11::basic_string<char, std::char_traits<char>, std::allocator<char> >&, int&) (product_parser.cpp:227)
==1060==    by 0x119B94: ProductParser::parse(std::__cxx11::basic_string<char, std::char_traits<char>, std::allocator<char> >, std::istream&, bool&, std::__cxx11::basic_string<char, std::char_traits<char>, std::allocator<char> >&, int&) (product_parser.cpp:32)
==1060==    by 0x113542: ProductSectionParser::parseProduct(std::__cxx11::basic_string<char, std::char_traits<char>, std::allocator<char> > const&, std::istream&, int&, std::__cxx11::basic_string<char, std::char_traits<char>, std::allocator<char> >&) (db_parser.cpp:167)
==1060==    by 0x11331C: ProductSectionParser::parse(std::istream&, DataStore&, int&, std::__cxx11::basic_string<char, std::char_traits<char>, std::allocator<char> >&) (db_parser.cpp:146)
==1060==    by 0x112C33: DBParser::parse(std::__cxx11::basic_string<char, std::char_traits<char>, std::allocator<char> >, DataStore&) (db_parser.cpp:74)
==1060==    by 0x10BE93: main (amazon.cpp:50)
==1060== 
==1060== 394 (304 direct, 90 indirect) bytes in 2 blocks are definitely lost in loss record 8 of 8
==1060==    at 0x4C3017F: operator new(unsigned long) (in /usr/lib/valgrind/vgpreload_memcheck-amd64-linux.so)
==1060==    by 0x11A31C: ProductBookParser::makeProduct() (product_parser.cpp:133)
==1060==    by 0x11A1B6: ProductBookParser::parseSpecificProduct(std::__cxx11::basic_string<char, std::char_traits<char>, std::allocator<char> >, std::istream&, bool&, std::__cxx11::basic_string<char, std::char_traits<char>, std::allocator<char> >&, int&) (product_parser.cpp:117)
==1060==    by 0x119B94: ProductParser::parse(std::__cxx11::basic_string<char, std::char_traits<char>, std::allocator<char> >, std::istream&, bool&, std::__cxx11::basic_string<char, std::char_traits<char>, std::allocator<char> >&, int&) (product_parser.cpp:32)
==1060==    by 0x113542: ProductSectionParser::parseProduct(std::__cxx11::basic_string<char, std::char_traits<char>, std::allocator<char> > const&, std::istream&, int&, std::__cxx11::basic_string<char, std::char_traits<char>, std::allocator<char> >&) (db_parser.cpp:167)
==1060==    by 0x11331C: ProductSectionParser::parse(std::istream&, DataStore&, int&, std::__cxx11::basic_string<char, std::char_traits<char>, std::allocator<char> >&) (db_parser.cpp:146)
==1060==    by 0x112C33: DBParser::parse(std::__cxx11::basic_string<char, std::char_traits<char>, std::allocator<char> >, DataStore&) (db_parser.cpp:74)
==1060==    by 0x10BE93: main (amazon.cpp:50)
==1060== 
WARNING: user program created Valgrind errors!
/home/codio/workspace/hw2/hw2_tests/amazon_tests/amazon_tests.cpp:223: Failure
Value of: checkDatabase(commands, inputDatabase, expectedDatabase)
  Actual: false (User program failed Valgrind 113)
Expected: true
[  FAILED  ] DatabaseReadback.Mixed (1437 ms)
[----------] 1 test from DatabaseReadback (1437 ms total)

[----------] Global test environment tear-down
[==========] 1 test from 1 test suite ran. (1438 ms total)
[  PASSED  ] 0 tests.
[  FAILED  ] 1 test, listed below:
[  FAILED  ] DatabaseReadback.Mixed

 1 FAILED TEST
<end of output>
Test time =   1.44 sec
----------------------------------------------------------
Test Failed.
"DatabaseReadback.Mixed" end time: Feb 10 23:50 UTC
"DatabaseReadback.Mixed" time elapsed: 00:00:01
----------------------------------------------------------

7/35 Testing: ConsoleInterface.Quit
7/35 Test: ConsoleInterface.Quit
Command: "/home/codio/workspace/hw2/hw2_tests/amazon_tests/amazon_tests" "--gtest_filter=ConsoleInterface.Quit"
Directory: /home/codio/workspace/hw2/hw2_tests/amazon_tests
"ConsoleInterface.Quit" start time: Feb 10 23:50 UTC
Output:
----------------------------------------------------------
Running main() from /home/codio/googletest/googletest/src/gtest_main.cc
Note: Google Test filter = ConsoleInterface.Quit
[==========] Running 1 test from 1 test suite.
[----------] Global test environment set-up.
[----------] 1 test from ConsoleInterface
[ RUN      ] ConsoleInterface.Quit
This test is executing your program with the following command line: 
/usr/bin/valgrind --tool=memcheck -q --leak-check=yes --error-exitcode=113 /home/codio/workspace/hw2/amazon /home/codio/workspace/hw2/hw2_tests/amazon_tests/testFiles/Quit/database.txt
Your program's STDIN was piped from: /home/codio/workspace/hw2/hw2_tests/amazon_tests/testFiles/Quit/input.txt
Your program's STDOUT was written to: /home/codio/workspace/hw2/hw2_tests/amazon_tests/testFiles/Quit/output.txt
==1062== 168 bytes in 3 blocks are definitely lost in loss record 5 of 8
==1062==    at 0x4C3017F: operator new(unsigned long) (in /usr/lib/valgrind/vgpreload_memcheck-amd64-linux.so)
==1062==    by 0x113A03: UserSectionParser::parseUser(std::istream&, DataStore&, std::__cxx11::basic_string<char, std::char_traits<char>, std::allocator<char> >&) (db_parser.cpp:230)
==1062==    by 0x1137A6: UserSectionParser::parse(std::istream&, DataStore&, int&, std::__cxx11::basic_string<char, std::char_traits<char>, std::allocator<char> >&) (db_parser.cpp:195)
==1062==    by 0x112C33: DBParser::parse(std::__cxx11::basic_string<char, std::char_traits<char>, std::allocator<char> >, DataStore&) (db_parser.cpp:74)
==1062==    by 0x10BE93: main (amazon.cpp:50)
==1062== 
==1062== 171 (152 direct, 19 indirect) bytes in 1 blocks are definitely lost in loss record 6 of 8
==1062==    at 0x4C3017F: operator new(unsigned long) (in /usr/lib/valgrind/vgpreload_memcheck-amd64-linux.so)
==1062==    by 0x11A76C: ProductClothingParser::makeProduct() (product_parser.cpp:187)
==1062==    by 0x11A606: ProductClothingParser::parseSpecificProduct(std::__cxx11::basic_string<char, std::char_traits<char>, std::allocator<char> >, std::istream&, bool&, std::__cxx11::basic_string<char, std::char_traits<char>, std::allocator<char> >&, int&) (product_parser.cpp:171)
==1062==    by 0x119B94: ProductParser::parse(std::__cxx11::basic_string<char, std::char_traits<char>, std::allocator<char> >, std::istream&, bool&, std::__cxx11::basic_string<char, std::char_traits<char>, std::allocator<char> >&, int&) (product_parser.cpp:32)
==1062==    by 0x113542: ProductSectionParser::parseProduct(std::__cxx11::basic_string<char, std::char_traits<char>, std::allocator<char> > const&, std::istream&, int&, std::__cxx11::basic_string<char, std::char_traits<char>, std::allocator<char> >&) (db_parser.cpp:167)
==1062==    by 0x11331C: ProductSectionParser::parse(std::istream&, DataStore&, int&, std::__cxx11::basic_string<char, std::char_traits<char>, std::allocator<char> >&) (db_parser.cpp:146)
==1062==    by 0x112C33: DBParser::parse(std::__cxx11::basic_string<char, std::char_traits<char>, std::allocator<char> >, DataStore&) (db_parser.cpp:74)
==1062==    by 0x10BE93: main (amazon.cpp:50)
==1062== 
==1062== 171 (152 direct, 19 indirect) bytes in 1 blocks are definitely lost in loss record 7 of 8
==1062==    at 0x4C3017F: operator new(unsigned long) (in /usr/lib/valgrind/vgpreload_memcheck-amd64-linux.so)
==1062==    by 0x11ABE8: ProductMovieParser::makeProduct() (product_parser.cpp:243)
==1062==    by 0x11AA5E: ProductMovieParser::parseSpecificProduct(std::__cxx11::basic_string<char, std::char_traits<char>, std::allocator<char> >, std::istream&, bool&, std::__cxx11::basic_string<char, std::char_traits<char>, std::allocator<char> >&, int&) (product_parser.cpp:227)
==1062==    by 0x119B94: ProductParser::parse(std::__cxx11::basic_string<char, std::char_traits<char>, std::allocator<char> >, std::istream&, bool&, std::__cxx11::basic_string<char, std::char_traits<char>, std::allocator<char> >&, int&) (product_parser.cpp:32)
==1062==    by 0x113542: ProductSectionParser::parseProduct(std::__cxx11::basic_string<char, std::char_traits<char>, std::allocator<char> > const&, std::istream&, int&, std::__cxx11::basic_string<char, std::char_traits<char>, std::allocator<char> >&) (db_parser.cpp:167)
==1062==    by 0x11331C: ProductSectionParser::parse(std::istream&, DataStore&, int&, std::__cxx11::basic_string<char, std::char_traits<char>, std::allocator<char> >&) (db_parser.cpp:146)
==1062==    by 0x112C33: DBParser::parse(std::__cxx11::basic_string<char, std::char_traits<char>, std::allocator<char> >, DataStore&) (db_parser.cpp:74)
==1062==    by 0x10BE93: main (amazon.cpp:50)
==1062== 
==1062== 394 (304 direct, 90 indirect) bytes in 2 blocks are definitely lost in loss record 8 of 8
==1062==    at 0x4C3017F: operator new(unsigned long) (in /usr/lib/valgrind/vgpreload_memcheck-amd64-linux.so)
==1062==    by 0x11A31C: ProductBookParser::makeProduct() (product_parser.cpp:133)
==1062==    by 0x11A1B6: ProductBookParser::parseSpecificProduct(std::__cxx11::basic_string<char, std::char_traits<char>, std::allocator<char> >, std::istream&, bool&, std::__cxx11::basic_string<char, std::char_traits<char>, std::allocator<char> >&, int&) (product_parser.cpp:117)
==1062==    by 0x119B94: ProductParser::parse(std::__cxx11::basic_string<char, std::char_traits<char>, std::allocator<char> >, std::istream&, bool&, std::__cxx11::basic_string<char, std::char_traits<char>, std::allocator<char> >&, int&) (product_parser.cpp:32)
==1062==    by 0x113542: ProductSectionParser::parseProduct(std::__cxx11::basic_string<char, std::char_traits<char>, std::allocator<char> > const&, std::istream&, int&, std::__cxx11::basic_string<char, std::char_traits<char>, std::allocator<char> >&) (db_parser.cpp:167)
==1062==    by 0x11331C: ProductSectionParser::parse(std::istream&, DataStore&, int&, std::__cxx11::basic_string<char, std::char_traits<char>, std::allocator<char> >&) (db_parser.cpp:146)
==1062==    by 0x112C33: DBParser::parse(std::__cxx11::basic_string<char, std::char_traits<char>, std::allocator<char> >, DataStore&) (db_parser.cpp:74)
==1062==    by 0x10BE93: main (amazon.cpp:50)
==1062== 
WARNING: user program created Valgrind errors!
/home/codio/workspace/hw2/hw2_tests/amazon_tests/amazon_tests.cpp:280: Failure
Value of: checkConsoleOutput(commands, inputDatabase, {Menu, Input}, expectedOutput)
  Actual: false (User program failed Valgrind 113)
Expected: true
[  FAILED  ] ConsoleInterface.Quit (1410 ms)
[----------] 1 test from ConsoleInterface (1410 ms total)

[----------] Global test environment tear-down
[==========] 1 test from 1 test suite ran. (1410 ms total)
[  PASSED  ] 0 tests.
[  FAILED  ] 1 test, listed below:
[  FAILED  ] ConsoleInterface.Quit

 1 FAILED TEST
<end of output>
Test time =   1.41 sec
----------------------------------------------------------
Test Failed.
"ConsoleInterface.Quit" end time: Feb 10 23:50 UTC
"ConsoleInterface.Quit" time elapsed: 00:00:01
----------------------------------------------------------

8/35 Testing: ConsoleInterface.HitBook
8/35 Test: ConsoleInterface.HitBook
Command: "/home/codio/workspace/hw2/hw2_tests/amazon_tests/amazon_tests" "--gtest_filter=ConsoleInterface.HitBook"
Directory: /home/codio/workspace/hw2/hw2_tests/amazon_tests
"ConsoleInterface.HitBook" start time: Feb 10 23:50 UTC
Output:
----------------------------------------------------------
Running main() from /home/codio/googletest/googletest/src/gtest_main.cc
Note: Google Test filter = ConsoleInterface.HitBook
[==========] Running 1 test from 1 test suite.
[----------] Global test environment set-up.
[----------] 1 test from ConsoleInterface
[ RUN      ] ConsoleInterface.HitBook
This test is executing your program with the following command line: 
/usr/bin/valgrind --tool=memcheck -q --leak-check=yes --error-exitcode=113 /home/codio/workspace/hw2/amazon /home/codio/workspace/hw2/hw2_tests/amazon_tests/testFiles/HitBook/database.txt
Your program's STDIN was piped from: /home/codio/workspace/hw2/hw2_tests/amazon_tests/testFiles/HitBook/input.txt
Your program's STDOUT was written to: /home/codio/workspace/hw2/hw2_tests/amazon_tests/testFiles/HitBook/output.txt
==1064== 214 (152 direct, 62 indirect) bytes in 1 blocks are definitely lost in loss record 3 of 3
==1064==    at 0x4C3017F: operator new(unsigned long) (in /usr/lib/valgrind/vgpreload_memcheck-amd64-linux.so)
==1064==    by 0x11A31C: ProductBookParser::makeProduct() (product_parser.cpp:133)
==1064==    by 0x11A1B6: ProductBookParser::parseSpecificProduct(std::__cxx11::basic_string<char, std::char_traits<char>, std::allocator<char> >, std::istream&, bool&, std::__cxx11::basic_string<char, std::char_traits<char>, std::allocator<char> >&, int&) (product_parser.cpp:117)
==1064==    by 0x119B94: ProductParser::parse(std::__cxx11::basic_string<char, std::char_traits<char>, std::allocator<char> >, std::istream&, bool&, std::__cxx11::basic_string<char, std::char_traits<char>, std::allocator<char> >&, int&) (product_parser.cpp:32)
==1064==    by 0x113542: ProductSectionParser::parseProduct(std::__cxx11::basic_string<char, std::char_traits<char>, std::allocator<char> > const&, std::istream&, int&, std::__cxx11::basic_string<char, std::char_traits<char>, std::allocator<char> >&) (db_parser.cpp:167)
==1064==    by 0x11331C: ProductSectionParser::parse(std::istream&, DataStore&, int&, std::__cxx11::basic_string<char, std::char_traits<char>, std::allocator<char> >&) (db_parser.cpp:146)
==1064==    by 0x112C33: DBParser::parse(std::__cxx11::basic_string<char, std::char_traits<char>, std::allocator<char> >, DataStore&) (db_parser.cpp:74)
==1064==    by 0x10BE93: main (amazon.cpp:50)
==1064== 
WARNING: user program created Valgrind errors!
/home/codio/workspace/hw2/hw2_tests/amazon_tests/amazon_tests.cpp:324: Failure
Value of: checkConsoleOutput(commands, inputDatabase, {Menu, Input, Hit, Input}, expectedOutput)
  Actual: false (User program failed Valgrind 113)
Expected: true
[  FAILED  ] ConsoleInterface.HitBook (1374 ms)
[----------] 1 test from ConsoleInterface (1374 ms total)

[----------] Global test environment tear-down
[==========] 1 test from 1 test suite ran. (1374 ms total)
[  PASSED  ] 0 tests.
[  FAILED  ] 1 test, listed below:
[  FAILED  ] ConsoleInterface.HitBook

 1 FAILED TEST
<end of output>
Test time =   1.38 sec
----------------------------------------------------------
Test Failed.
"ConsoleInterface.HitBook" end time: Feb 10 23:50 UTC
"ConsoleInterface.HitBook" time elapsed: 00:00:01
----------------------------------------------------------

9/35 Testing: ConsoleInterface.HitClothing
9/35 Test: ConsoleInterface.HitClothing
Command: "/home/codio/workspace/hw2/hw2_tests/amazon_tests/amazon_tests" "--gtest_filter=ConsoleInterface.HitClothing"
Directory: /home/codio/workspace/hw2/hw2_tests/amazon_tests
"ConsoleInterface.HitClothing" start time: Feb 10 23:50 UTC
Output:
----------------------------------------------------------
Running main() from /home/codio/googletest/googletest/src/gtest_main.cc
Note: Google Test filter = ConsoleInterface.HitClothing
[==========] Running 1 test from 1 test suite.
[----------] Global test environment set-up.
[----------] 1 test from ConsoleInterface
[ RUN      ] ConsoleInterface.HitClothing
This test is executing your program with the following command line: 
/usr/bin/valgrind --tool=memcheck -q --leak-check=yes --error-exitcode=113 /home/codio/workspace/hw2/amazon /home/codio/workspace/hw2/hw2_tests/amazon_tests/testFiles/HitClothing/database.txt
Your program's STDIN was piped from: /home/codio/workspace/hw2/hw2_tests/amazon_tests/testFiles/HitClothing/input.txt
Your program's STDOUT was written to: /home/codio/workspace/hw2/hw2_tests/amazon_tests/testFiles/HitClothing/output.txt
==1066== 56 bytes in 1 blocks are definitely lost in loss record 2 of 3
==1066==    at 0x4C3017F: operator new(unsigned long) (in /usr/lib/valgrind/vgpreload_memcheck-amd64-linux.so)
==1066==    by 0x113A03: UserSectionParser::parseUser(std::istream&, DataStore&, std::__cxx11::basic_string<char, std::char_traits<char>, std::allocator<char> >&) (db_parser.cpp:230)
==1066==    by 0x1137A6: UserSectionParser::parse(std::istream&, DataStore&, int&, std::__cxx11::basic_string<char, std::char_traits<char>, std::allocator<char> >&) (db_parser.cpp:195)
==1066==    by 0x112C33: DBParser::parse(std::__cxx11::basic_string<char, std::char_traits<char>, std::allocator<char> >, DataStore&) (db_parser.cpp:74)
==1066==    by 0x10BE93: main (amazon.cpp:50)
==1066== 
==1066== 171 (152 direct, 19 indirect) bytes in 1 blocks are definitely lost in loss record 3 of 3
==1066==    at 0x4C3017F: operator new(unsigned long) (in /usr/lib/valgrind/vgpreload_memcheck-amd64-linux.so)
==1066==    by 0x11A76C: ProductClothingParser::makeProduct() (product_parser.cpp:187)
==1066==    by 0x11A606: ProductClothingParser::parseSpecificProduct(std::__cxx11::basic_string<char, std::char_traits<char>, std::allocator<char> >, std::istream&, bool&, std::__cxx11::basic_string<char, std::char_traits<char>, std::allocator<char> >&, int&) (product_parser.cpp:171)
==1066==    by 0x119B94: ProductParser::parse(std::__cxx11::basic_string<char, std::char_traits<char>, std::allocator<char> >, std::istream&, bool&, std::__cxx11::basic_string<char, std::char_traits<char>, std::allocator<char> >&, int&) (product_parser.cpp:32)
==1066==    by 0x113542: ProductSectionParser::parseProduct(std::__cxx11::basic_string<char, std::char_traits<char>, std::allocator<char> > const&, std::istream&, int&, std::__cxx11::basic_string<char, std::char_traits<char>, std::allocator<char> >&) (db_parser.cpp:167)
==1066==    by 0x11331C: ProductSectionParser::parse(std::istream&, DataStore&, int&, std::__cxx11::basic_string<char, std::char_traits<char>, std::allocator<char> >&) (db_parser.cpp:146)
==1066==    by 0x112C33: DBParser::parse(std::__cxx11::basic_string<char, std::char_traits<char>, std::allocator<char> >, DataStore&) (db_parser.cpp:74)
==1066==    by 0x10BE93: main (amazon.cpp:50)
==1066== 
WARNING: user program created Valgrind errors!
/home/codio/workspace/hw2/hw2_tests/amazon_tests/amazon_tests.cpp:370: Failure
Value of: checkConsoleOutput(commands, inputDatabase, {Menu, Input, Hit, Input}, expectedOutput)
  Actual: false (User program failed Valgrind 113)
Expected: true
[  FAILED  ] ConsoleInterface.HitClothing (1257 ms)
[----------] 1 test from ConsoleInterface (1257 ms total)

[----------] Global test environment tear-down
[==========] 1 test from 1 test suite ran. (1257 ms total)
[  PASSED  ] 0 tests.
[  FAILED  ] 1 test, listed below:
[  FAILED  ] ConsoleInterface.HitClothing

 1 FAILED TEST
<end of output>
Test time =   1.26 sec
----------------------------------------------------------
Test Failed.
"ConsoleInterface.HitClothing" end time: Feb 10 23:50 UTC
"ConsoleInterface.HitClothing" time elapsed: 00:00:01
----------------------------------------------------------

10/35 Testing: ConsoleInterface.HitMovie
10/35 Test: ConsoleInterface.HitMovie
Command: "/home/codio/workspace/hw2/hw2_tests/amazon_tests/amazon_tests" "--gtest_filter=ConsoleInterface.HitMovie"
Directory: /home/codio/workspace/hw2/hw2_tests/amazon_tests
"ConsoleInterface.HitMovie" start time: Feb 10 23:50 UTC
Output:
----------------------------------------------------------
Running main() from /home/codio/googletest/googletest/src/gtest_main.cc
Note: Google Test filter = ConsoleInterface.HitMovie
[==========] Running 1 test from 1 test suite.
[----------] Global test environment set-up.
[----------] 1 test from ConsoleInterface
[ RUN      ] ConsoleInterface.HitMovie
This test is executing your program with the following command line: 
/usr/bin/valgrind --tool=memcheck -q --leak-check=yes --error-exitcode=113 /home/codio/workspace/hw2/amazon /home/codio/workspace/hw2/hw2_tests/amazon_tests/testFiles/HitMovie/database.txt
Your program's STDIN was piped from: /home/codio/workspace/hw2/hw2_tests/amazon_tests/testFiles/HitMovie/input.txt
Your program's STDOUT was written to: /home/codio/workspace/hw2/hw2_tests/amazon_tests/testFiles/HitMovie/output.txt
==1068== 56 bytes in 1 blocks are definitely lost in loss record 2 of 3
==1068==    at 0x4C3017F: operator new(unsigned long) (in /usr/lib/valgrind/vgpreload_memcheck-amd64-linux.so)
==1068==    by 0x113A03: UserSectionParser::parseUser(std::istream&, DataStore&, std::__cxx11::basic_string<char, std::char_traits<char>, std::allocator<char> >&) (db_parser.cpp:230)
==1068==    by 0x1137A6: UserSectionParser::parse(std::istream&, DataStore&, int&, std::__cxx11::basic_string<char, std::char_traits<char>, std::allocator<char> >&) (db_parser.cpp:195)
==1068==    by 0x112C33: DBParser::parse(std::__cxx11::basic_string<char, std::char_traits<char>, std::allocator<char> >, DataStore&) (db_parser.cpp:74)
==1068==    by 0x10BE93: main (amazon.cpp:50)
==1068== 
==1068== 340 (304 direct, 36 indirect) bytes in 2 blocks are definitely lost in loss record 3 of 3
==1068==    at 0x4C3017F: operator new(unsigned long) (in /usr/lib/valgrind/vgpreload_memcheck-amd64-linux.so)
==1068==    by 0x11ABE8: ProductMovieParser::makeProduct() (product_parser.cpp:243)
==1068==    by 0x11AA5E: ProductMovieParser::parseSpecificProduct(std::__cxx11::basic_string<char, std::char_traits<char>, std::allocator<char> >, std::istream&, bool&, std::__cxx11::basic_string<char, std::char_traits<char>, std::allocator<char> >&, int&) (product_parser.cpp:227)
==1068==    by 0x119B94: ProductParser::parse(std::__cxx11::basic_string<char, std::char_traits<char>, std::allocator<char> >, std::istream&, bool&, std::__cxx11::basic_string<char, std::char_traits<char>, std::allocator<char> >&, int&) (product_parser.cpp:32)
==1068==    by 0x113542: ProductSectionParser::parseProduct(std::__cxx11::basic_string<char, std::char_traits<char>, std::allocator<char> > const&, std::istream&, int&, std::__cxx11::basic_string<char, std::char_traits<char>, std::allocator<char> >&) (db_parser.cpp:167)
==1068==    by 0x11331C: ProductSectionParser::parse(std::istream&, DataStore&, int&, std::__cxx11::basic_string<char, std::char_traits<char>, std::allocator<char> >&) (db_parser.cpp:146)
==1068==    by 0x112C33: DBParser::parse(std::__cxx11::basic_string<char, std::char_traits<char>, std::allocator<char> >, DataStore&) (db_parser.cpp:74)
==1068==    by 0x10BE93: main (amazon.cpp:50)
==1068== 
WARNING: user program created Valgrind errors!
/home/codio/workspace/hw2/hw2_tests/amazon_tests/amazon_tests.cpp:421: Failure
Value of: checkConsoleOutput(commands, inputDatabase, {Menu, Input, Hit, Input}, expectedOutput)
  Actual: false (User program failed Valgrind 113)
Expected: true
[  FAILED  ] ConsoleInterface.HitMovie (1276 ms)
[----------] 1 test from ConsoleInterface (1276 ms total)

[----------] Global test environment tear-down
[==========] 1 test from 1 test suite ran. (1276 ms total)
[  PASSED  ] 0 tests.
[  FAILED  ] 1 test, listed below:
[  FAILED  ] ConsoleInterface.HitMovie

 1 FAILED TEST
<end of output>
Test time =   1.28 sec
----------------------------------------------------------
Test Failed.
"ConsoleInterface.HitMovie" end time: Feb 10 23:50 UTC
"ConsoleInterface.HitMovie" time elapsed: 00:00:01
----------------------------------------------------------

11/35 Testing: ConsoleInterface.CaseInsensitive
11/35 Test: ConsoleInterface.CaseInsensitive
Command: "/home/codio/workspace/hw2/hw2_tests/amazon_tests/amazon_tests" "--gtest_filter=ConsoleInterface.CaseInsensitive"
Directory: /home/codio/workspace/hw2/hw2_tests/amazon_tests
"ConsoleInterface.CaseInsensitive" start time: Feb 10 23:50 UTC
Output:
----------------------------------------------------------
Running main() from /home/codio/googletest/googletest/src/gtest_main.cc
Note: Google Test filter = ConsoleInterface.CaseInsensitive
[==========] Running 1 test from 1 test suite.
[----------] Global test environment set-up.
[----------] 1 test from ConsoleInterface
[ RUN      ] ConsoleInterface.CaseInsensitive
This test is executing your program with the following command line: 
/usr/bin/valgrind --tool=memcheck -q --leak-check=yes --error-exitcode=113 /home/codio/workspace/hw2/amazon /home/codio/workspace/hw2/hw2_tests/amazon_tests/testFiles/CaseInsensitive/database.txt
Your program's STDIN was piped from: /home/codio/workspace/hw2/hw2_tests/amazon_tests/testFiles/CaseInsensitive/input.txt
Your program's STDOUT was written to: /home/codio/workspace/hw2/hw2_tests/amazon_tests/testFiles/CaseInsensitive/output.txt
==1070== 56 bytes in 1 blocks are definitely lost in loss record 1 of 2
==1070==    at 0x4C3017F: operator new(unsigned long) (in /usr/lib/valgrind/vgpreload_memcheck-amd64-linux.so)
==1070==    by 0x113A03: UserSectionParser::parseUser(std::istream&, DataStore&, std::__cxx11::basic_string<char, std::char_traits<char>, std::allocator<char> >&) (db_parser.cpp:230)
==1070==    by 0x1137A6: UserSectionParser::parse(std::istream&, DataStore&, int&, std::__cxx11::basic_string<char, std::char_traits<char>, std::allocator<char> >&) (db_parser.cpp:195)
==1070==    by 0x112C33: DBParser::parse(std::__cxx11::basic_string<char, std::char_traits<char>, std::allocator<char> >, DataStore&) (db_parser.cpp:74)
==1070==    by 0x10BE93: main (amazon.cpp:50)
==1070== 
==1070== 304 bytes in 2 blocks are definitely lost in loss record 2 of 2
==1070==    at 0x4C3017F: operator new(unsigned long) (in /usr/lib/valgrind/vgpreload_memcheck-amd64-linux.so)
==1070==    by 0x11ABE8: ProductMovieParser::makeProduct() (product_parser.cpp:243)
==1070==    by 0x11AA5E: ProductMovieParser::parseSpecificProduct(std::__cxx11::basic_string<char, std::char_traits<char>, std::allocator<char> >, std::istream&, bool&, std::__cxx11::basic_string<char, std::char_traits<char>, std::allocator<char> >&, int&) (product_parser.cpp:227)
==1070==    by 0x119B94: ProductParser::parse(std::__cxx11::basic_string<char, std::char_traits<char>, std::allocator<char> >, std::istream&, bool&, std::__cxx11::basic_string<char, std::char_traits<char>, std::allocator<char> >&, int&) (product_parser.cpp:32)
==1070==    by 0x113542: ProductSectionParser::parseProduct(std::__cxx11::basic_string<char, std::char_traits<char>, std::allocator<char> > const&, std::istream&, int&, std::__cxx11::basic_string<char, std::char_traits<char>, std::allocator<char> >&) (db_parser.cpp:167)
==1070==    by 0x11331C: ProductSectionParser::parse(std::istream&, DataStore&, int&, std::__cxx11::basic_string<char, std::char_traits<char>, std::allocator<char> >&) (db_parser.cpp:146)
==1070==    by 0x112C33: DBParser::parse(std::__cxx11::basic_string<char, std::char_traits<char>, std::allocator<char> >, DataStore&) (db_parser.cpp:74)
==1070==    by 0x10BE93: main (amazon.cpp:50)
==1070== 
WARNING: user program created Valgrind errors!
/home/codio/workspace/hw2/hw2_tests/amazon_tests/amazon_tests.cpp:477: Failure
Value of: checkConsoleOutput(commands, inputDatabase, {Menu, Input, Hit, Input}, expectedOutput)
  Actual: false (User program failed Valgrind 113)
Expected: true
[  FAILED  ] ConsoleInterface.CaseInsensitive (1545 ms)
[----------] 1 test from ConsoleInterface (1546 ms total)

[----------] Global test environment tear-down
[==========] 1 test from 1 test suite ran. (1546 ms total)
[  PASSED  ] 0 tests.
[  FAILED  ] 1 test, listed below:
[  FAILED  ] ConsoleInterface.CaseInsensitive

 1 FAILED TEST
<end of output>
Test time =   1.55 sec
----------------------------------------------------------
Test Failed.
"ConsoleInterface.CaseInsensitive" end time: Feb 10 23:50 UTC
"ConsoleInterface.CaseInsensitive" time elapsed: 00:00:01
----------------------------------------------------------

12/35 Testing: ConsoleInterface.HugeQuantity
12/35 Test: ConsoleInterface.HugeQuantity
Command: "/home/codio/workspace/hw2/hw2_tests/amazon_tests/amazon_tests" "--gtest_filter=ConsoleInterface.HugeQuantity"
Directory: /home/codio/workspace/hw2/hw2_tests/amazon_tests
"ConsoleInterface.HugeQuantity" start time: Feb 10 23:50 UTC
Output:
----------------------------------------------------------
Running main() from /home/codio/googletest/googletest/src/gtest_main.cc
Note: Google Test filter = ConsoleInterface.HugeQuantity
[==========] Running 1 test from 1 test suite.
[----------] Global test environment set-up.
[----------] 1 test from ConsoleInterface
[ RUN      ] ConsoleInterface.HugeQuantity
This test is executing your program with the following command line: 
/usr/bin/valgrind --tool=memcheck -q --leak-check=yes --error-exitcode=113 /home/codio/workspace/hw2/amazon /home/codio/workspace/hw2/hw2_tests/amazon_tests/testFiles/HugeQuantity/database.txt
Your program's STDIN was piped from: /home/codio/workspace/hw2/hw2_tests/amazon_tests/testFiles/HugeQuantity/input.txt
Your program's STDOUT was written to: /home/codio/workspace/hw2/hw2_tests/amazon_tests/testFiles/HugeQuantity/output.txt
==1072== 56 bytes in 1 blocks are definitely lost in loss record 2 of 3
==1072==    at 0x4C3017F: operator new(unsigned long) (in /usr/lib/valgrind/vgpreload_memcheck-amd64-linux.so)
==1072==    by 0x113A03: UserSectionParser::parseUser(std::istream&, DataStore&, std::__cxx11::basic_string<char, std::char_traits<char>, std::allocator<char> >&) (db_parser.cpp:230)
==1072==    by 0x1137A6: UserSectionParser::parse(std::istream&, DataStore&, int&, std::__cxx11::basic_string<char, std::char_traits<char>, std::allocator<char> >&) (db_parser.cpp:195)
==1072==    by 0x112C33: DBParser::parse(std::__cxx11::basic_string<char, std::char_traits<char>, std::allocator<char> >, DataStore&) (db_parser.cpp:74)
==1072==    by 0x10BE93: main (amazon.cpp:50)
==1072== 
==1072== 351 (304 direct, 47 indirect) bytes in 2 blocks are definitely lost in loss record 3 of 3
==1072==    at 0x4C3017F: operator new(unsigned long) (in /usr/lib/valgrind/vgpreload_memcheck-amd64-linux.so)
==1072==    by 0x11ABE8: ProductMovieParser::makeProduct() (product_parser.cpp:243)
==1072==    by 0x11AA5E: ProductMovieParser::parseSpecificProduct(std::__cxx11::basic_string<char, std::char_traits<char>, std::allocator<char> >, std::istream&, bool&, std::__cxx11::basic_string<char, std::char_traits<char>, std::allocator<char> >&, int&) (product_parser.cpp:227)
==1072==    by 0x119B94: ProductParser::parse(std::__cxx11::basic_string<char, std::char_traits<char>, std::allocator<char> >, std::istream&, bool&, std::__cxx11::basic_string<char, std::char_traits<char>, std::allocator<char> >&, int&) (product_parser.cpp:32)
==1072==    by 0x113542: ProductSectionParser::parseProduct(std::__cxx11::basic_string<char, std::char_traits<char>, std::allocator<char> > const&, std::istream&, int&, std::__cxx11::basic_string<char, std::char_traits<char>, std::allocator<char> >&) (db_parser.cpp:167)
==1072==    by 0x11331C: ProductSectionParser::parse(std::istream&, DataStore&, int&, std::__cxx11::basic_string<char, std::char_traits<char>, std::allocator<char> >&) (db_parser.cpp:146)
==1072==    by 0x112C33: DBParser::parse(std::__cxx11::basic_string<char, std::char_traits<char>, std::allocator<char> >, DataStore&) (db_parser.cpp:74)
==1072==    by 0x10BE93: main (amazon.cpp:50)
==1072== 
WARNING: user program created Valgrind errors!
/home/codio/workspace/hw2/hw2_tests/amazon_tests/amazon_tests.cpp:528: Failure
Value of: checkConsoleOutput(commands, inputDatabase, {Menu, Input, Hit, Input}, expectedOutput)
  Actual: false (User program failed Valgrind 113)
Expected: true
[  FAILED  ] ConsoleInterface.HugeQuantity (1640 ms)
[----------] 1 test from ConsoleInterface (1640 ms total)

[----------] Global test environment tear-down
[==========] 1 test from 1 test suite ran. (1640 ms total)
[  PASSED  ] 0 tests.
[  FAILED  ] 1 test, listed below:
[  FAILED  ] ConsoleInterface.HugeQuantity

 1 FAILED TEST
<end of output>
Test time =   1.65 sec
----------------------------------------------------------
Test Failed.
"ConsoleInterface.HugeQuantity" end time: Feb 10 23:50 UTC
"ConsoleInterface.HugeQuantity" time elapsed: 00:00:01
----------------------------------------------------------

13/35 Testing: ConsoleInterface.AddOneToCart
13/35 Test: ConsoleInterface.AddOneToCart
Command: "/home/codio/workspace/hw2/hw2_tests/amazon_tests/amazon_tests" "--gtest_filter=ConsoleInterface.AddOneToCart"
Directory: /home/codio/workspace/hw2/hw2_tests/amazon_tests
"ConsoleInterface.AddOneToCart" start time: Feb 10 23:50 UTC
Output:
----------------------------------------------------------
Running main() from /home/codio/googletest/googletest/src/gtest_main.cc
Note: Google Test filter = ConsoleInterface.AddOneToCart
[==========] Running 1 test from 1 test suite.
[----------] Global test environment set-up.
[----------] 1 test from ConsoleInterface
[ RUN      ] ConsoleInterface.AddOneToCart
This test is executing your program with the following command line: 
/usr/bin/valgrind --tool=memcheck -q --leak-check=yes --error-exitcode=113 /home/codio/workspace/hw2/amazon /home/codio/workspace/hw2/hw2_tests/amazon_tests/testFiles/AddOneToCart/database.txt
Your program's STDIN was piped from: /home/codio/workspace/hw2/hw2_tests/amazon_tests/testFiles/AddOneToCart/input.txt
Your program's STDOUT was written to: /home/codio/workspace/hw2/hw2_tests/amazon_tests/testFiles/AddOneToCart/output.txt
==1074== 56 bytes in 1 blocks are definitely lost in loss record 2 of 4
==1074==    at 0x4C3017F: operator new(unsigned long) (in /usr/lib/valgrind/vgpreload_memcheck-amd64-linux.so)
==1074==    by 0x113A03: UserSectionParser::parseUser(std::istream&, DataStore&, std::__cxx11::basic_string<char, std::char_traits<char>, std::allocator<char> >&) (db_parser.cpp:230)
==1074==    by 0x1137A6: UserSectionParser::parse(std::istream&, DataStore&, int&, std::__cxx11::basic_string<char, std::char_traits<char>, std::allocator<char> >&) (db_parser.cpp:195)
==1074==    by 0x112C33: DBParser::parse(std::__cxx11::basic_string<char, std::char_traits<char>, std::allocator<char> >, DataStore&) (db_parser.cpp:74)
==1074==    by 0x10BE93: main (amazon.cpp:50)
==1074== 
==1074== 391 (304 direct, 87 indirect) bytes in 2 blocks are definitely lost in loss record 4 of 4
==1074==    at 0x4C3017F: operator new(unsigned long) (in /usr/lib/valgrind/vgpreload_memcheck-amd64-linux.so)
==1074==    by 0x11A31C: ProductBookParser::makeProduct() (product_parser.cpp:133)
==1074==    by 0x11A1B6: ProductBookParser::parseSpecificProduct(std::__cxx11::basic_string<char, std::char_traits<char>, std::allocator<char> >, std::istream&, bool&, std::__cxx11::basic_string<char, std::char_traits<char>, std::allocator<char> >&, int&) (product_parser.cpp:117)
==1074==    by 0x119B94: ProductParser::parse(std::__cxx11::basic_string<char, std::char_traits<char>, std::allocator<char> >, std::istream&, bool&, std::__cxx11::basic_string<char, std::char_traits<char>, std::allocator<char> >&, int&) (product_parser.cpp:32)
==1074==    by 0x113542: ProductSectionParser::parseProduct(std::__cxx11::basic_string<char, std::char_traits<char>, std::allocator<char> > const&, std::istream&, int&, std::__cxx11::basic_string<char, std::char_traits<char>, std::allocator<char> >&) (db_parser.cpp:167)
==1074==    by 0x11331C: ProductSectionParser::parse(std::istream&, DataStore&, int&, std::__cxx11::basic_string<char, std::char_traits<char>, std::allocator<char> >&) (db_parser.cpp:146)
==1074==    by 0x112C33: DBParser::parse(std::__cxx11::basic_string<char, std::char_traits<char>, std::allocator<char> >, DataStore&) (db_parser.cpp:74)
==1074==    by 0x10BE93: main (amazon.cpp:50)
==1074== 
WARNING: user program created Valgrind errors!
/home/codio/workspace/hw2/hw2_tests/amazon_tests/amazon_tests.cpp:594: Failure
Value of: checkConsoleOutput(commands, inputDatabase, {Menu, Input, Hit, Input, Input, Cart, Input }, expectedOutput)
  Actual: false (User program failed Valgrind 113)
Expected: true
[  FAILED  ] ConsoleInterface.AddOneToCart (1672 ms)
[----------] 1 test from ConsoleInterface (1672 ms total)

[----------] Global test environment tear-down
[==========] 1 test from 1 test suite ran. (1672 ms total)
[  PASSED  ] 0 tests.
[  FAILED  ] 1 test, listed below:
[  FAILED  ] ConsoleInterface.AddOneToCart

 1 FAILED TEST
<end of output>
Test time =   1.68 sec
----------------------------------------------------------
Test Failed.
"ConsoleInterface.AddOneToCart" end time: Feb 10 23:50 UTC
"ConsoleInterface.AddOneToCart" time elapsed: 00:00:01
----------------------------------------------------------

14/35 Testing: Database.BuyCart
14/35 Test: Database.BuyCart
Command: "/home/codio/workspace/hw2/hw2_tests/amazon_tests/amazon_tests" "--gtest_filter=Database.BuyCart"
Directory: /home/codio/workspace/hw2/hw2_tests/amazon_tests
"Database.BuyCart" start time: Feb 10 23:50 UTC
Output:
----------------------------------------------------------
Running main() from /home/codio/googletest/googletest/src/gtest_main.cc
Note: Google Test filter = Database.BuyCart
[==========] Running 1 test from 1 test suite.
[----------] Global test environment set-up.
[----------] 1 test from Database
[ RUN      ] Database.BuyCart
This test is executing your program with the following command line: 
/usr/bin/valgrind --tool=memcheck -q --leak-check=yes --error-exitcode=113 /home/codio/workspace/hw2/amazon /home/codio/workspace/hw2/hw2_tests/amazon_tests/testFiles/BuyCart/database.txt
Your program's STDIN was piped from: /home/codio/workspace/hw2/hw2_tests/amazon_tests/testFiles/BuyCart/input.txt
Your program's STDOUT was written to: /home/codio/workspace/hw2/hw2_tests/amazon_tests/testFiles/BuyCart/output.txt
==1076== 56 bytes in 1 blocks are definitely lost in loss record 3 of 4
==1076==    at 0x4C3017F: operator new(unsigned long) (in /usr/lib/valgrind/vgpreload_memcheck-amd64-linux.so)
==1076==    by 0x113A03: UserSectionParser::parseUser(std::istream&, DataStore&, std::__cxx11::basic_string<char, std::char_traits<char>, std::allocator<char> >&) (db_parser.cpp:230)
==1076==    by 0x1137A6: UserSectionParser::parse(std::istream&, DataStore&, int&, std::__cxx11::basic_string<char, std::char_traits<char>, std::allocator<char> >&) (db_parser.cpp:195)
==1076==    by 0x112C33: DBParser::parse(std::__cxx11::basic_string<char, std::char_traits<char>, std::allocator<char> >, DataStore&) (db_parser.cpp:74)
==1076==    by 0x10BE93: main (amazon.cpp:50)
==1076== 
==1076== 214 (152 direct, 62 indirect) bytes in 1 blocks are definitely lost in loss record 4 of 4
==1076==    at 0x4C3017F: operator new(unsigned long) (in /usr/lib/valgrind/vgpreload_memcheck-amd64-linux.so)
==1076==    by 0x11A31C: ProductBookParser::makeProduct() (product_parser.cpp:133)
==1076==    by 0x11A1B6: ProductBookParser::parseSpecificProduct(std::__cxx11::basic_string<char, std::char_traits<char>, std::allocator<char> >, std::istream&, bool&, std::__cxx11::basic_string<char, std::char_traits<char>, std::allocator<char> >&, int&) (product_parser.cpp:117)
==1076==    by 0x119B94: ProductParser::parse(std::__cxx11::basic_string<char, std::char_traits<char>, std::allocator<char> >, std::istream&, bool&, std::__cxx11::basic_string<char, std::char_traits<char>, std::allocator<char> >&, int&) (product_parser.cpp:32)
==1076==    by 0x113542: ProductSectionParser::parseProduct(std::__cxx11::basic_string<char, std::char_traits<char>, std::allocator<char> > const&, std::istream&, int&, std::__cxx11::basic_string<char, std::char_traits<char>, std::allocator<char> >&) (db_parser.cpp:167)
==1076==    by 0x11331C: ProductSectionParser::parse(std::istream&, DataStore&, int&, std::__cxx11::basic_string<char, std::char_traits<char>, std::allocator<char> >&) (db_parser.cpp:146)
==1076==    by 0x112C33: DBParser::parse(std::__cxx11::basic_string<char, std::char_traits<char>, std::allocator<char> >, DataStore&) (db_parser.cpp:74)
==1076==    by 0x10BE93: main (amazon.cpp:50)
==1076== 
WARNING: user program created Valgrind errors!
/home/codio/workspace/hw2/hw2_tests/amazon_tests/amazon_tests.cpp:633: Failure
Value of: checkDatabase(commands, inputDatabase, expectedDatabase)
  Actual: false (User program failed Valgrind 113)
Expected: true
[  FAILED  ] Database.BuyCart (1611 ms)
[----------] 1 test from Database (1611 ms total)

[----------] Global test environment tear-down
[==========] 1 test from 1 test suite ran. (1611 ms total)
[  PASSED  ] 0 tests.
[  FAILED  ] 1 test, listed below:
[  FAILED  ] Database.BuyCart

 1 FAILED TEST
<end of output>
Test time =   1.62 sec
----------------------------------------------------------
Test Failed.
"Database.BuyCart" end time: Feb 10 23:51 UTC
"Database.BuyCart" time elapsed: 00:00:01
----------------------------------------------------------

15/35 Testing: DatabaseReadback.ThreeBooks
15/35 Test: DatabaseReadback.ThreeBooks
Command: "/home/codio/workspace/hw2/hw2_tests/amazon_tests/amazon_tests" "--gtest_filter=DatabaseReadback.ThreeBooks"
Directory: /home/codio/workspace/hw2/hw2_tests/amazon_tests
"DatabaseReadback.ThreeBooks" start time: Feb 10 23:51 UTC
Output:
----------------------------------------------------------
Running main() from /home/codio/googletest/googletest/src/gtest_main.cc
Note: Google Test filter = DatabaseReadback.ThreeBooks
[==========] Running 1 test from 1 test suite.
[----------] Global test environment set-up.
[----------] 1 test from DatabaseReadback
[ RUN      ] DatabaseReadback.ThreeBooks
This test is executing your program with the following command line: 
/usr/bin/valgrind --tool=memcheck -q --leak-check=yes --error-exitcode=113 /home/codio/workspace/hw2/amazon /home/codio/workspace/hw2/hw2_tests/amazon_tests/testFiles/ThreeBooks/database.txt
Your program's STDIN was piped from: /home/codio/workspace/hw2/hw2_tests/amazon_tests/testFiles/ThreeBooks/input.txt
Your program's STDOUT was written to: /home/codio/workspace/hw2/hw2_tests/amazon_tests/testFiles/ThreeBooks/output.txt
==1078== 56 bytes in 1 blocks are definitely lost in loss record 2 of 4
==1078==    at 0x4C3017F: operator new(unsigned long) (in /usr/lib/valgrind/vgpreload_memcheck-amd64-linux.so)
==1078==    by 0x113A03: UserSectionParser::parseUser(std::istream&, DataStore&, std::__cxx11::basic_string<char, std::char_traits<char>, std::allocator<char> >&) (db_parser.cpp:230)
==1078==    by 0x1137A6: UserSectionParser::parse(std::istream&, DataStore&, int&, std::__cxx11::basic_string<char, std::char_traits<char>, std::allocator<char> >&) (db_parser.cpp:195)
==1078==    by 0x112C33: DBParser::parse(std::__cxx11::basic_string<char, std::char_traits<char>, std::allocator<char> >, DataStore&) (db_parser.cpp:74)
==1078==    by 0x10BE93: main (amazon.cpp:50)
==1078== 
==1078== 536 (456 direct, 80 indirect) bytes in 3 blocks are definitely lost in loss record 4 of 4
==1078==    at 0x4C3017F: operator new(unsigned long) (in /usr/lib/valgrind/vgpreload_memcheck-amd64-linux.so)
==1078==    by 0x11A31C: ProductBookParser::makeProduct() (product_parser.cpp:133)
==1078==    by 0x11A1B6: ProductBookParser::parseSpecificProduct(std::__cxx11::basic_string<char, std::char_traits<char>, std::allocator<char> >, std::istream&, bool&, std::__cxx11::basic_string<char, std::char_traits<char>, std::allocator<char> >&, int&) (product_parser.cpp:117)
==1078==    by 0x119B94: ProductParser::parse(std::__cxx11::basic_string<char, std::char_traits<char>, std::allocator<char> >, std::istream&, bool&, std::__cxx11::basic_string<char, std::char_traits<char>, std::allocator<char> >&, int&) (product_parser.cpp:32)
==1078==    by 0x113542: ProductSectionParser::parseProduct(std::__cxx11::basic_string<char, std::char_traits<char>, std::allocator<char> > const&, std::istream&, int&, std::__cxx11::basic_string<char, std::char_traits<char>, std::allocator<char> >&) (db_parser.cpp:167)
==1078==    by 0x11331C: ProductSectionParser::parse(std::istream&, DataStore&, int&, std::__cxx11::basic_string<char, std::char_traits<char>, std::allocator<char> >&) (db_parser.cpp:146)
==1078==    by 0x112C33: DBParser::parse(std::__cxx11::basic_string<char, std::char_traits<char>, std::allocator<char> >, DataStore&) (db_parser.cpp:74)
==1078==    by 0x10BE93: main (amazon.cpp:50)
==1078== 
WARNING: user program created Valgrind errors!
/home/codio/workspace/hw2/hw2_tests/amazon_tests/amazon_tests.cpp:693: Failure
Value of: checkDatabase(commands, inputDatabase, expectedDatabase)
  Actual: false (User program failed Valgrind 113)
Expected: true
[  FAILED  ] DatabaseReadback.ThreeBooks (1405 ms)
[----------] 1 test from DatabaseReadback (1405 ms total)

[----------] Global test environment tear-down
[==========] 1 test from 1 test suite ran. (1405 ms total)
[  PASSED  ] 0 tests.
[  FAILED  ] 1 test, listed below:
[  FAILED  ] DatabaseReadback.ThreeBooks

 1 FAILED TEST
<end of output>
Test time =   1.41 sec
----------------------------------------------------------
Test Failed.
"DatabaseReadback.ThreeBooks" end time: Feb 10 23:51 UTC
"DatabaseReadback.ThreeBooks" time elapsed: 00:00:01
----------------------------------------------------------

16/35 Testing: DatabaseReadback.ThreeClothes
16/35 Test: DatabaseReadback.ThreeClothes
Command: "/home/codio/workspace/hw2/hw2_tests/amazon_tests/amazon_tests" "--gtest_filter=DatabaseReadback.ThreeClothes"
Directory: /home/codio/workspace/hw2/hw2_tests/amazon_tests
"DatabaseReadback.ThreeClothes" start time: Feb 10 23:51 UTC
Output:
----------------------------------------------------------
Running main() from /home/codio/googletest/googletest/src/gtest_main.cc
Note: Google Test filter = DatabaseReadback.ThreeClothes
[==========] Running 1 test from 1 test suite.
[----------] Global test environment set-up.
[----------] 1 test from DatabaseReadback
[ RUN      ] DatabaseReadback.ThreeClothes
This test is executing your program with the following command line: 
/usr/bin/valgrind --tool=memcheck -q --leak-check=yes --error-exitcode=113 /home/codio/workspace/hw2/amazon /home/codio/workspace/hw2/hw2_tests/amazon_tests/testFiles/ThreeClothes/database.txt
Your program's STDIN was piped from: /home/codio/workspace/hw2/hw2_tests/amazon_tests/testFiles/ThreeClothes/input.txt
Your program's STDOUT was written to: /home/codio/workspace/hw2/hw2_tests/amazon_tests/testFiles/ThreeClothes/output.txt
==1080== 56 bytes in 1 blocks are definitely lost in loss record 2 of 3
==1080==    at 0x4C3017F: operator new(unsigned long) (in /usr/lib/valgrind/vgpreload_memcheck-amd64-linux.so)
==1080==    by 0x113A03: UserSectionParser::parseUser(std::istream&, DataStore&, std::__cxx11::basic_string<char, std::char_traits<char>, std::allocator<char> >&) (db_parser.cpp:230)
==1080==    by 0x1137A6: UserSectionParser::parse(std::istream&, DataStore&, int&, std::__cxx11::basic_string<char, std::char_traits<char>, std::allocator<char> >&) (db_parser.cpp:195)
==1080==    by 0x112C33: DBParser::parse(std::__cxx11::basic_string<char, std::char_traits<char>, std::allocator<char> >, DataStore&) (db_parser.cpp:74)
==1080==    by 0x10BE93: main (amazon.cpp:50)
==1080== 
==1080== 475 (456 direct, 19 indirect) bytes in 3 blocks are definitely lost in loss record 3 of 3
==1080==    at 0x4C3017F: operator new(unsigned long) (in /usr/lib/valgrind/vgpreload_memcheck-amd64-linux.so)
==1080==    by 0x11A76C: ProductClothingParser::makeProduct() (product_parser.cpp:187)
==1080==    by 0x11A606: ProductClothingParser::parseSpecificProduct(std::__cxx11::basic_string<char, std::char_traits<char>, std::allocator<char> >, std::istream&, bool&, std::__cxx11::basic_string<char, std::char_traits<char>, std::allocator<char> >&, int&) (product_parser.cpp:171)
==1080==    by 0x119B94: ProductParser::parse(std::__cxx11::basic_string<char, std::char_traits<char>, std::allocator<char> >, std::istream&, bool&, std::__cxx11::basic_string<char, std::char_traits<char>, std::allocator<char> >&, int&) (product_parser.cpp:32)
==1080==    by 0x113542: ProductSectionParser::parseProduct(std::__cxx11::basic_string<char, std::char_traits<char>, std::allocator<char> > const&, std::istream&, int&, std::__cxx11::basic_string<char, std::char_traits<char>, std::allocator<char> >&) (db_parser.cpp:167)
==1080==    by 0x11331C: ProductSectionParser::parse(std::istream&, DataStore&, int&, std::__cxx11::basic_string<char, std::char_traits<char>, std::allocator<char> >&) (db_parser.cpp:146)
==1080==    by 0x112C33: DBParser::parse(std::__cxx11::basic_string<char, std::char_traits<char>, std::allocator<char> >, DataStore&) (db_parser.cpp:74)
==1080==    by 0x10BE93: main (amazon.cpp:50)
==1080== 
WARNING: user program created Valgrind errors!
/home/codio/workspace/hw2/hw2_tests/amazon_tests/amazon_tests.cpp:753: Failure
Value of: checkDatabase(commands, inputDatabase, expectedDatabase)
  Actual: false (User program failed Valgrind 113)
Expected: true
[  FAILED  ] DatabaseReadback.ThreeClothes (1194 ms)
[----------] 1 test from DatabaseReadback (1194 ms total)

[----------] Global test environment tear-down
[==========] 1 test from 1 test suite ran. (1195 ms total)
[  PASSED  ] 0 tests.
[  FAILED  ] 1 test, listed below:
[  FAILED  ] DatabaseReadback.ThreeClothes

 1 FAILED TEST
<end of output>
Test time =   1.21 sec
----------------------------------------------------------
Test Failed.
"DatabaseReadback.ThreeClothes" end time: Feb 10 23:51 UTC
"DatabaseReadback.ThreeClothes" time elapsed: 00:00:01
----------------------------------------------------------

17/35 Testing: DatabaseReadback.ThreeMovies
17/35 Test: DatabaseReadback.ThreeMovies
Command: "/home/codio/workspace/hw2/hw2_tests/amazon_tests/amazon_tests" "--gtest_filter=DatabaseReadback.ThreeMovies"
Directory: /home/codio/workspace/hw2/hw2_tests/amazon_tests
"DatabaseReadback.ThreeMovies" start time: Feb 10 23:51 UTC
Output:
----------------------------------------------------------
Running main() from /home/codio/googletest/googletest/src/gtest_main.cc
Note: Google Test filter = DatabaseReadback.ThreeMovies
[==========] Running 1 test from 1 test suite.
[----------] Global test environment set-up.
[----------] 1 test from DatabaseReadback
[ RUN      ] DatabaseReadback.ThreeMovies
This test is executing your program with the following command line: 
/usr/bin/valgrind --tool=memcheck -q --leak-check=yes --error-exitcode=113 /home/codio/workspace/hw2/amazon /home/codio/workspace/hw2/hw2_tests/amazon_tests/testFiles/ThreeMovies/database.txt
Your program's STDIN was piped from: /home/codio/workspace/hw2/hw2_tests/amazon_tests/testFiles/ThreeMovies/input.txt
Your program's STDOUT was written to: /home/codio/workspace/hw2/hw2_tests/amazon_tests/testFiles/ThreeMovies/output.txt
==1082== 56 bytes in 1 blocks are definitely lost in loss record 3 of 4
==1082==    at 0x4C3017F: operator new(unsigned long) (in /usr/lib/valgrind/vgpreload_memcheck-amd64-linux.so)
==1082==    by 0x113A03: UserSectionParser::parseUser(std::istream&, DataStore&, std::__cxx11::basic_string<char, std::char_traits<char>, std::allocator<char> >&) (db_parser.cpp:230)
==1082==    by 0x1137A6: UserSectionParser::parse(std::istream&, DataStore&, int&, std::__cxx11::basic_string<char, std::char_traits<char>, std::allocator<char> >&) (db_parser.cpp:195)
==1082==    by 0x112C33: DBParser::parse(std::__cxx11::basic_string<char, std::char_traits<char>, std::allocator<char> >, DataStore&) (db_parser.cpp:74)
==1082==    by 0x10BE93: main (amazon.cpp:50)
==1082== 
==1082== 499 (456 direct, 43 indirect) bytes in 3 blocks are definitely lost in loss record 4 of 4
==1082==    at 0x4C3017F: operator new(unsigned long) (in /usr/lib/valgrind/vgpreload_memcheck-amd64-linux.so)
==1082==    by 0x11ABE8: ProductMovieParser::makeProduct() (product_parser.cpp:243)
==1082==    by 0x11AA5E: ProductMovieParser::parseSpecificProduct(std::__cxx11::basic_string<char, std::char_traits<char>, std::allocator<char> >, std::istream&, bool&, std::__cxx11::basic_string<char, std::char_traits<char>, std::allocator<char> >&, int&) (product_parser.cpp:227)
==1082==    by 0x119B94: ProductParser::parse(std::__cxx11::basic_string<char, std::char_traits<char>, std::allocator<char> >, std::istream&, bool&, std::__cxx11::basic_string<char, std::char_traits<char>, std::allocator<char> >&, int&) (product_parser.cpp:32)
==1082==    by 0x113542: ProductSectionParser::parseProduct(std::__cxx11::basic_string<char, std::char_traits<char>, std::allocator<char> > const&, std::istream&, int&, std::__cxx11::basic_string<char, std::char_traits<char>, std::allocator<char> >&) (db_parser.cpp:167)
==1082==    by 0x11331C: ProductSectionParser::parse(std::istream&, DataStore&, int&, std::__cxx11::basic_string<char, std::char_traits<char>, std::allocator<char> >&) (db_parser.cpp:146)
==1082==    by 0x112C33: DBParser::parse(std::__cxx11::basic_string<char, std::char_traits<char>, std::allocator<char> >, DataStore&) (db_parser.cpp:74)
==1082==    by 0x10BE93: main (amazon.cpp:50)
==1082== 
WARNING: user program created Valgrind errors!
/home/codio/workspace/hw2/hw2_tests/amazon_tests/amazon_tests.cpp:812: Failure
Value of: checkDatabase(commands, inputDatabase, expectedDatabase)
  Actual: false (User program failed Valgrind 113)
Expected: true
[  FAILED  ] DatabaseReadback.ThreeMovies (1411 ms)
[----------] 1 test from DatabaseReadback (1411 ms total)

[----------] Global test environment tear-down
[==========] 1 test from 1 test suite ran. (1411 ms total)
[  PASSED  ] 0 tests.
[  FAILED  ] 1 test, listed below:
[  FAILED  ] DatabaseReadback.ThreeMovies

 1 FAILED TEST
<end of output>
Test time =   1.42 sec
----------------------------------------------------------
Test Failed.
"DatabaseReadback.ThreeMovies" end time: Feb 10 23:51 UTC
"DatabaseReadback.ThreeMovies" time elapsed: 00:00:01
----------------------------------------------------------

18/35 Testing: ConsoleInterface.AddTwoItems
18/35 Test: ConsoleInterface.AddTwoItems
Command: "/home/codio/workspace/hw2/hw2_tests/amazon_tests/amazon_tests" "--gtest_filter=ConsoleInterface.AddTwoItems"
Directory: /home/codio/workspace/hw2/hw2_tests/amazon_tests
"ConsoleInterface.AddTwoItems" start time: Feb 10 23:51 UTC
Output:
----------------------------------------------------------
Running main() from /home/codio/googletest/googletest/src/gtest_main.cc
Note: Google Test filter = ConsoleInterface.AddTwoItems
[==========] Running 1 test from 1 test suite.
[----------] Global test environment set-up.
[----------] 1 test from ConsoleInterface
[ RUN      ] ConsoleInterface.AddTwoItems
This test is executing your program with the following command line: 
/usr/bin/valgrind --tool=memcheck -q --leak-check=yes --error-exitcode=113 /home/codio/workspace/hw2/amazon /home/codio/workspace/hw2/hw2_tests/amazon_tests/testFiles/AddTwoItems/database.txt
Your program's STDIN was piped from: /home/codio/workspace/hw2/hw2_tests/amazon_tests/testFiles/AddTwoItems/input.txt
Your program's STDOUT was written to: /home/codio/workspace/hw2/hw2_tests/amazon_tests/testFiles/AddTwoItems/output.txt
==1084== 168 bytes in 3 blocks are definitely lost in loss record 5 of 8
==1084==    at 0x4C3017F: operator new(unsigned long) (in /usr/lib/valgrind/vgpreload_memcheck-amd64-linux.so)
==1084==    by 0x113A03: UserSectionParser::parseUser(std::istream&, DataStore&, std::__cxx11::basic_string<char, std::char_traits<char>, std::allocator<char> >&) (db_parser.cpp:230)
==1084==    by 0x1137A6: UserSectionParser::parse(std::istream&, DataStore&, int&, std::__cxx11::basic_string<char, std::char_traits<char>, std::allocator<char> >&) (db_parser.cpp:195)
==1084==    by 0x112C33: DBParser::parse(std::__cxx11::basic_string<char, std::char_traits<char>, std::allocator<char> >, DataStore&) (db_parser.cpp:74)
==1084==    by 0x10BE93: main (amazon.cpp:50)
==1084== 
==1084== 171 (152 direct, 19 indirect) bytes in 1 blocks are definitely lost in loss record 6 of 8
==1084==    at 0x4C3017F: operator new(unsigned long) (in /usr/lib/valgrind/vgpreload_memcheck-amd64-linux.so)
==1084==    by 0x11A76C: ProductClothingParser::makeProduct() (product_parser.cpp:187)
==1084==    by 0x11A606: ProductClothingParser::parseSpecificProduct(std::__cxx11::basic_string<char, std::char_traits<char>, std::allocator<char> >, std::istream&, bool&, std::__cxx11::basic_string<char, std::char_traits<char>, std::allocator<char> >&, int&) (product_parser.cpp:171)
==1084==    by 0x119B94: ProductParser::parse(std::__cxx11::basic_string<char, std::char_traits<char>, std::allocator<char> >, std::istream&, bool&, std::__cxx11::basic_string<char, std::char_traits<char>, std::allocator<char> >&, int&) (product_parser.cpp:32)
==1084==    by 0x113542: ProductSectionParser::parseProduct(std::__cxx11::basic_string<char, std::char_traits<char>, std::allocator<char> > const&, std::istream&, int&, std::__cxx11::basic_string<char, std::char_traits<char>, std::allocator<char> >&) (db_parser.cpp:167)
==1084==    by 0x11331C: ProductSectionParser::parse(std::istream&, DataStore&, int&, std::__cxx11::basic_string<char, std::char_traits<char>, std::allocator<char> >&) (db_parser.cpp:146)
==1084==    by 0x112C33: DBParser::parse(std::__cxx11::basic_string<char, std::char_traits<char>, std::allocator<char> >, DataStore&) (db_parser.cpp:74)
==1084==    by 0x10BE93: main (amazon.cpp:50)
==1084== 
==1084== 171 (152 direct, 19 indirect) bytes in 1 blocks are definitely lost in loss record 7 of 8
==1084==    at 0x4C3017F: operator new(unsigned long) (in /usr/lib/valgrind/vgpreload_memcheck-amd64-linux.so)
==1084==    by 0x11ABE8: ProductMovieParser::makeProduct() (product_parser.cpp:243)
==1084==    by 0x11AA5E: ProductMovieParser::parseSpecificProduct(std::__cxx11::basic_string<char, std::char_traits<char>, std::allocator<char> >, std::istream&, bool&, std::__cxx11::basic_string<char, std::char_traits<char>, std::allocator<char> >&, int&) (product_parser.cpp:227)
==1084==    by 0x119B94: ProductParser::parse(std::__cxx11::basic_string<char, std::char_traits<char>, std::allocator<char> >, std::istream&, bool&, std::__cxx11::basic_string<char, std::char_traits<char>, std::allocator<char> >&, int&) (product_parser.cpp:32)
==1084==    by 0x113542: ProductSectionParser::parseProduct(std::__cxx11::basic_string<char, std::char_traits<char>, std::allocator<char> > const&, std::istream&, int&, std::__cxx11::basic_string<char, std::char_traits<char>, std::allocator<char> >&) (db_parser.cpp:167)
==1084==    by 0x11331C: ProductSectionParser::parse(std::istream&, DataStore&, int&, std::__cxx11::basic_string<char, std::char_traits<char>, std::allocator<char> >&) (db_parser.cpp:146)
==1084==    by 0x112C33: DBParser::parse(std::__cxx11::basic_string<char, std::char_traits<char>, std::allocator<char> >, DataStore&) (db_parser.cpp:74)
==1084==    by 0x10BE93: main (amazon.cpp:50)
==1084== 
==1084== 394 (304 direct, 90 indirect) bytes in 2 blocks are definitely lost in loss record 8 of 8
==1084==    at 0x4C3017F: operator new(unsigned long) (in /usr/lib/valgrind/vgpreload_memcheck-amd64-linux.so)
==1084==    by 0x11A31C: ProductBookParser::makeProduct() (product_parser.cpp:133)
==1084==    by 0x11A1B6: ProductBookParser::parseSpecificProduct(std::__cxx11::basic_string<char, std::char_traits<char>, std::allocator<char> >, std::istream&, bool&, std::__cxx11::basic_string<char, std::char_traits<char>, std::allocator<char> >&, int&) (product_parser.cpp:117)
==1084==    by 0x119B94: ProductParser::parse(std::__cxx11::basic_string<char, std::char_traits<char>, std::allocator<char> >, std::istream&, bool&, std::__cxx11::basic_string<char, std::char_traits<char>, std::allocator<char> >&, int&) (product_parser.cpp:32)
==1084==    by 0x113542: ProductSectionParser::parseProduct(std::__cxx11::basic_string<char, std::char_traits<char>, std::allocator<char> > const&, std::istream&, int&, std::__cxx11::basic_string<char, std::char_traits<char>, std::allocator<char> >&) (db_parser.cpp:167)
==1084==    by 0x11331C: ProductSectionParser::parse(std::istream&, DataStore&, int&, std::__cxx11::basic_string<char, std::char_traits<char>, std::allocator<char> >&) (db_parser.cpp:146)
==1084==    by 0x112C33: DBParser::parse(std::__cxx11::basic_string<char, std::char_traits<char>, std::allocator<char> >, DataStore&) (db_parser.cpp:74)
==1084==    by 0x10BE93: main (amazon.cpp:50)
==1084== 
WARNING: user program created Valgrind errors!
/home/codio/workspace/hw2/hw2_tests/amazon_tests/amazon_tests.cpp:910: Failure
Value of: checkConsoleOutput(commands, inputDatabase, {Menu, Input, Hit, Input, Input, Hit, Input, Input, Cart, Input }, expectedOutput)
  Actual: false (User program failed Valgrind 113)
Expected: true
[  FAILED  ] ConsoleInterface.AddTwoItems (1289 ms)
[----------] 1 test from ConsoleInterface (1289 ms total)

[----------] Global test environment tear-down
[==========] 1 test from 1 test suite ran. (1289 ms total)
[  PASSED  ] 0 tests.
[  FAILED  ] 1 test, listed below:
[  FAILED  ] ConsoleInterface.AddTwoItems

 1 FAILED TEST
<end of output>
Test time =   1.29 sec
----------------------------------------------------------
Test Failed.
"ConsoleInterface.AddTwoItems" end time: Feb 10 23:51 UTC
"ConsoleInterface.AddTwoItems" time elapsed: 00:00:01
----------------------------------------------------------

19/35 Testing: ConsoleInterface.AddTwoIdenticalItems
[...]
 stock: 50,
 price: 98.12
}, {name: The Secret Lives of Protons Vol. 9714,
 info: Author: U. Quark ISBN: 978-000009714-0,
 stock: 50,
 price: 98.14
}, {name: The Secret Lives of Protons Vol. 9716,
 info: Author: U. Quark ISBN: 978-000009716-0,
 stock: 50,
 price: 98.16
}, {name: The Secret Lives of Protons Vol. 9718,
 info: Author: U. Quark ISBN: 978-000009718-0,
 stock: 50,
 price: 98.18
}, {name: The Secret Lives of Protons Vol. 972,
 info: Author: U. Quark ISBN: 978-000000972-0,
 stock: 50,
 price: 10.72
}, {name: The Secret Lives of Protons Vol. 9720,
 info: Author: U. Quark ISBN: 978-000009720-0,
 stock: 50,
 price: 98.2
}, {name: The Secret Lives of Protons Vol. 9722,
 info: Author: U. Quark ISBN: 978-000009722-0,
 stock: 50,
 price: 98.22
}, {name: The Secret Lives of Protons Vol. 9724,
 info: Author: U. Quark ISBN: 978-000009724-0,
 stock: 50,
 price: 98.24
}, {name: The Secret Lives of Protons Vol. 9726,
 info: Author: U. Quark ISBN: 978-000009726-0,
 stock: 50,
 price: 98.26
}, {name: The Secret Lives of Protons Vol. 9728,
 info: Author: U. Quark ISBN: 978-000009728-0,
 stock: 50,
 price: 98.28
}, {name: The Secret Lives of Protons Vol. 9730,
 info: Author: U. Quark ISBN: 978-000009730-0,
 stock: 50,
 price: 98.3
}, {name: The Secret Lives of Protons Vol. 9732,
 info: Author: U. Quark ISBN: 978-000009732-0,
 stock: 50,
 price: 98.32
}, {name: The Secret Lives of Protons Vol. 9734,
 info: Author: U. Quark ISBN: 978-000009734-0,
 stock: 50,
 price: 98.34
}, {name: The Secret Lives of Protons Vol. 9736,
 info: Author: U. Quark ISBN: 978-000009736-0,
 stock: 50,
 price: 98.36
}, {name: The Secret Lives of Protons Vol. 9738,
 info: Author: U. Quark ISBN: 978-000009738-0,
 stock: 50,
 price: 98.38
}, {name: The Secret Lives of Protons Vol. 974,
 info: Author: U. Quark ISBN: 978-000000974-0,
 stock: 50,
 price: 10.74
}, {name: The Secret Lives of Protons Vol. 9740,
 info: Author: U. Quark ISBN: 978-000009740-0,
 stock: 50,
 price: 98.4
}, {name: The Secret Lives of Protons Vol. 9742,
 info: Author: U. Quark ISBN: 978-000009742-0,
 stock: 50,
 price: 98.42
}, {name: The Secret Lives of Protons Vol. 9744,
 info: Author: U. Quark ISBN: 978-000009744-0,
 stock: 50,
 price: 98.44
}, {name: The Secret Lives of Protons Vol. 9746,
 info: Author: U. Quark ISBN: 978-000009746-0,
 stock: 50,
 price: 98.46
}, {name: The Secret Lives of Protons Vol. 9748,
 info: Author: U. Quark ISBN: 978-000009748-0,
 stock: 50,
 price: 98.48
}, {name: The Secret Lives of Protons Vol. 9750,
 info: Author: U. Quark ISBN: 978-000009750-0,
 stock: 50,
 price: 98.5
}, {name: The Secret Lives of Protons Vol. 9752,
 info: Author: U. Quark ISBN: 978-000009752-0,
 stock: 50,
 price: 98.52
}, {name: The Secret Lives of Protons Vol. 9754,
 info: Author: U. Quark ISBN: 978-000009754-0,
 stock: 50,
 price: 98.54
}, {name: The Secret Lives of Protons Vol. 9756,
 info: Author: U. Quark ISBN: 978-000009756-0,
 stock: 50,
 price: 98.56
}, {name: The Secret Lives of Protons Vol. 9758,
 info: Author: U. Quark ISBN: 978-000009758-0,
 stock: 50,
 price: 98.58
}, {name: The Secret Lives of Protons Vol. 976,
 info: Author: U. Quark ISBN: 978-000000976-0,
 stock: 50,
 price: 10.76
}, {name: The Secret Lives of Protons Vol. 9760,
 info: Author: U. Quark ISBN: 978-000009760-0,
 stock: 50,
 price: 98.6
}, {name: The Secret Lives of Protons Vol. 9762,
 info: Author: U. Quark ISBN: 978-000009762-0,
 stock: 50,
 price: 98.62
}, {name: The Secret Lives of Protons Vol. 9764,
 info: Author: U. Quark ISBN: 978-000009764-0,
 stock: 50,
 price: 98.64
}, {name: The Secret Lives of Protons Vol. 9766,
 info: Author: U. Quark ISBN: 978-000009766-0,
 stock: 50,
 price: 98.66
}, {name: The Secret Lives of Protons Vol. 9768,
 info: Author: U. Quark ISBN: 978-000009768-0,
 stock: 50,
 price: 98.68
}, {name: The Secret Lives of Protons Vol. 9770,
 info: Author: U. Quark ISBN: 978-000009770-0,
 stock: 50,
 price: 98.7
}, {name: The Secret Lives of Protons Vol. 9772,
 info: Author: U. Quark ISBN: 978-000009772-0,
 stock: 50,
 price: 98.72
}, {name: The Secret Lives of Protons Vol. 9774,
 info: Author: U. Quark ISBN: 978-000009774-0,
 stock: 50,
 price: 98.74
}, {name: The Secret Lives of Protons Vol. 9776,
 info: Author: U. Quark ISBN: 978-000009776-0,
 stock: 50,
 price: 98.76
}, {name: The Secret Lives of Protons Vol. 9778,
 info: Author: U. Quark ISBN: 978-000009778-0,
 stock: 50,
 price: 98.78
}, {name: The Secret Lives of Protons Vol. 978,
 info: Author: U. Quark ISBN: 978-000000978-0,
 stock: 50,
 price: 10.78
}, {name: The Secret Lives of Protons Vol. 9780,
 info: Author: U. Quark ISBN: 978-000009780-0,
 stock: 50,
 price: 98.8
}, {name: The Secret Lives of Protons Vol. 9782,
 info: Author: U. Quark ISBN: 978-000009782-0,
 stock: 50,
 price: 98.82
}, {name: The Secret Lives of Protons Vol. 9784,
 info: Author: U. Quark ISBN: 978-000009784-0,
 stock: 50,
 price: 98.84
}, {name: The Secret Lives of Protons Vol. 9786,
 info: Author: U. Quark ISBN: 978-000009786-0,
 stock: 50,
 price: 98.86
}, {name: The Secret Lives of Protons Vol. 9788,
 info: Author: U. Quark ISBN: 978-000009788-0,
 stock: 50,
 price: 98.88
}, {name: The Secret Lives of Protons Vol. 9790,
 info: Author: U. Quark ISBN: 978-000009790-0,
 stock: 50,
 price: 98.9
}, {name: The Secret Lives of Protons Vol. 9792,
 info: Author: U. Quark ISBN: 978-000009792-0,
 stock: 50,
 price: 98.92
}, {name: The Secret Lives of Protons Vol. 9794,
 info: Author: U. Quark ISBN: 978-000009794-0,
 stock: 50,
 price: 98.94
}, {name: The Secret Lives of Protons Vol. 9796,
 info: Author: U. Quark ISBN: 978-000009796-0,
 stock: 50,
 price: 98.96
}, {name: The Secret Lives of Protons Vol. 9798,
 info: Author: U. Quark ISBN: 978-000009798-0,
 stock: 50,
 price: 98.98
}, {name: The Secret Lives of Protons Vol. 98,
 info: Author: U. Quark ISBN: 978-000000098-0,
 stock: 50,
 price: 1.98
}, {name: The Secret Lives of Protons Vol. 980,
 info: Author: U. Quark ISBN: 978-000000980-0,
 stock: 50,
 price: 10.8
}, {name: The Secret Lives of Protons Vol. 9800,
 info: Author: U. Quark ISBN: 978-000009800-0,
 stock: 50,
 price: 99
}, {name: The Secret Lives of Protons Vol. 9802,
 info: Author: U. Quark ISBN: 978-000009802-0,
 stock: 50,
 price: 99.02
}, {name: The Secret Lives of Protons Vol. 9804,
 info: Author: U. Quark ISBN: 978-000009804-0,
 stock: 50,
 price: 99.04
}, {name: The Secret Lives of Protons Vol. 9806,
 info: Author: U. Quark ISBN: 978-000009806-0,
 stock: 50,
 price: 99.06
}, {name: The Secret Lives of Protons Vol. 9808,
 info: Author: U. Quark ISBN: 978-000009808-0,
 stock: 50,
 price: 99.08
}, {name: The Secret Lives of Protons Vol. 9810,
 info: Author: U. Quark ISBN: 978-000009810-0,
 stock: 50,
 price: 99.1
}, {name: The Secret Lives of Protons Vol. 9812,
 info: Author: U. Quark ISBN: 978-000009812-0,
 stock: 50,
 price: 99.12
}, {name: The Secret Lives of Protons Vol. 9814,
 info: Author: U. Quark ISBN: 978-000009814-0,
 stock: 50,
 price: 99.14
}, {name: The Secret Lives of Protons Vol. 9816,
 info: Author: U. Quark ISBN: 978-000009816-0,
 stock: 50,
 price: 99.16
}, {name: The Secret Lives of Protons Vol. 9818,
 info: Author: U. Quark ISBN: 978-000009818-0,
 stock: 50,
 price: 99.18
}, {name: The Secret Lives of Protons Vol. 982,
 info: Author: U. Quark ISBN: 978-000000982-0,
 stock: 50,
 price: 10.82
}, {name: The Secret Lives of Protons Vol. 9820,
 info: Author: U. Quark ISBN: 978-000009820-0,
 stock: 50,
 price: 99.2
}, {name: The Secret Lives of Protons Vol. 9822,
 info: Author: U. Quark ISBN: 978-000009822-0,
 stock: 50,
 price: 99.22
}, {name: The Secret Lives of Protons Vol. 9824,
 info: Author: U. Quark ISBN: 978-000009824-0,
 stock: 50,
 price: 99.24
}, {name: The Secret Lives of Protons Vol. 9826,
 info: Author: U. Quark ISBN: 978-000009826-0,
 stock: 50,
 price: 99.26
}, {name: The Secret Lives of Protons Vol. 9828,
 info: Author: U. Quark ISBN: 978-000009828-0,
 stock: 50,
 price: 99.28
}, {name: The Secret Lives of Protons Vol. 9830,
 info: Author: U. Quark ISBN: 978-000009830-0,
 stock: 50,
 price: 99.3
}, {name: The Secret Lives of Protons Vol. 9832,
 info: Author: U. Quark ISBN: 978-000009832-0,
 stock: 50,
 price: 99.32
}, {name: The Secret Lives of Protons Vol. 9834,
 info: Author: U. Quark ISBN: 978-000009834-0,
 stock: 50,
 price: 99.34
}, {name: The Secret Lives of Protons Vol. 9836,
 info: Author: U. Quark ISBN: 978-000009836-0,
 stock: 50,
 price: 99.36
}, {name: The Secret Lives of Protons Vol. 9838,
 info: Author: U. Quark ISBN: 978-000009838-0,
 stock: 50,
 price: 99.38
}, {name: The Secret Lives of Protons Vol. 984,
 info: Author: U. Quark ISBN: 978-000000984-0,
 stock: 50,
 price: 10.84
}, {name: The Secret Lives of Protons Vol. 9840,
 info: Author: U. Quark ISBN: 978-000009840-0,
 stock: 50,
 price: 99.4
}, {name: The Secret Lives of Protons Vol. 9842,
 info: Author: U. Quark ISBN: 978-000009842-0,
 stock: 50,
 price: 99.42
}, {name: The Secret Lives of Protons Vol. 9844,
 info: Author: U. Quark ISBN: 978-000009844-0,
 stock: 50,
 price: 99.44
}, {name: The Secret Lives of Protons Vol. 9846,
 info: Author: U. Quark ISBN: 978-000009846-0,
 stock: 50,
 price: 99.46
}, {name: The Secret Lives of Protons Vol. 9848,
 info: Author: U. Quark ISBN: 978-000009848-0,
 stock: 50,
 price: 99.48
}, {name: The Secret Lives of Protons Vol. 9850,
 info: Author: U. Quark ISBN: 978-000009850-0,
 stock: 50,
 price: 99.5
}, {name: The Secret Lives of Protons Vol. 9852,
 info: Author: U. Quark ISBN: 978-000009852-0,
 stock: 50,
 price: 99.52
}, {name: The Secret Lives of Protons Vol. 9854,
 info: Author: U. Quark ISBN: 978-000009854-0,
 stock: 50,
 price: 99.54
}, {name: The Secret Lives of Protons Vol. 9856,
 info: Author: U. Quark ISBN: 978-000009856-0,
 stock: 50,
 price: 99.56
}, {name: The Secret Lives of Protons Vol. 9858,
 info: Author: U. Quark ISBN: 978-000009858-0,
 stock: 50,
 price: 99.58
}, {name: The Secret Lives of Protons Vol. 986,
 info: Author: U. Quark ISBN: 978-000000986-0,
 stock: 50,
 price: 10.86
}, {name: The Secret Lives of Protons Vol. 9860,
 info: Author: U. Quark ISBN: 978-000009860-0,
 stock: 50,
 price: 99.6
}, {name: The Secret Lives of Protons Vol. 9862,
 info: Author: U. Quark ISBN: 978-000009862-0,
 stock: 50,
 price: 99.62
}, {name: The Secret Lives of Protons Vol. 9864,
 info: Author: U. Quark ISBN: 978-000009864-0,
 stock: 50,
 price: 99.64
}, {name: The Secret Lives of Protons Vol. 9866,
 info: Author: U. Quark ISBN: 978-000009866-0,
 stock: 50,
 price: 99.66
}, {name: The Secret Lives of Protons Vol. 9868,
 info: Author: U. Quark ISBN: 978-000009868-0,
 stock: 50,
 price: 99.68
}, {name: The Secret Lives of Protons Vol. 9870,
 info: Author: U. Quark ISBN: 978-000009870-0,
 stock: 50,
 price: 99.7
}, {name: The Secret Lives of Protons Vol. 9872,
 info: Author: U. Quark ISBN: 978-000009872-0,
 stock: 50,
 price: 99.72
}, {name: The Secret Lives of Protons Vol. 9874,
 info: Author: U. Quark ISBN: 978-000009874-0,
 stock: 50,
 price: 99.74
}, {name: The Secret Lives of Protons Vol. 9876,
 info: Author: U. Quark ISBN: 978-000009876-0,
 stock: 50,
 price: 99.76
}, {name: The Secret Lives of Protons Vol. 9878,
 info: Author: U. Quark ISBN: 978-000009878-0,
 stock: 50,
 price: 99.78
}, {name: The Secret Lives of Protons Vol. 988,
 info: Author: U. Quark ISBN: 978-000000988-0,
 stock: 50,
 price: 10.88
}, {name: The Secret Lives of Protons Vol. 9880,
 info: Author: U. Quark ISBN: 978-000009880-0,
 stock: 50,
 price: 99.8
}, {name: The Secret Lives of Protons Vol. 9882,
 info: Author: U. Quark ISBN: 978-000009882-0,
 stock: 50,
 price: 99.82
}, {name: The Secret Lives of Protons Vol. 9884,
 info: Author: U. Quark ISBN: 978-000009884-0,
 stock: 50,
 price: 99.84
}, {name: The Secret Lives of Protons Vol. 9886,
 info: Author: U. Quark ISBN: 978-000009886-0,
 stock: 50,
 price: 99.86
}, {name: The Secret Lives of Protons Vol. 9888,
 info: Author: U. Quark ISBN: 978-000009888-0,
 stock: 50,
 price: 99.88
}, {name: The Secret Lives of Protons Vol. 9890,
 info: Author: U. Quark ISBN: 978-000009890-0,
 stock: 50,
 price: 99.9
}, {name: The Secret Lives of Protons Vol. 9892,
 info: Author: U. Quark ISBN: 978-000009892-0,
 stock: 50,
 price: 99.92
}, {name: The Secret Lives of Protons Vol. 9894,
 info: Author: U. Quark ISBN: 978-000009894-0,
 stock: 50,
 price: 99.94
}, {name: The Secret Lives of Protons Vol. 9896,
 info: Author: U. Quark ISBN: 978-000009896-0,
 stock: 50,
 price: 99.96
}, {name: The Secret Lives of Protons Vol. 9898,
 info: Author: U. Quark ISBN: 978-000009898-0,
 stock: 50,
 price: 99.98
}, {name: The Secret Lives of Protons Vol. 990,
 info: Author: U. Quark ISBN: 978-000000990-0,
 stock: 50,
 price: 10.9
}, {name: The Secret Lives of Protons Vol. 9900,
 info: Author: U. Quark ISBN: 978-000009900-0,
 stock: 50,
 price: 100
}, {name: The Secret Lives of Protons Vol. 9902,
 info: Author: U. Quark ISBN: 978-000009902-0,
 stock: 50,
 price: 100.02
}, {name: The Secret Lives of Protons Vol. 9904,
 info: Author: U. Quark ISBN: 978-000009904-0,
 stock: 50,
 price: 100.04
}, {name: The Secret Lives of Protons Vol. 9906,
 info: Author: U. Quark ISBN: 978-000009906-0,
 stock: 50,
 price: 100.06
}, {name: The Secret Lives of Protons Vol. 9908,
 info: Author: U. Quark ISBN: 978-000009908-0,
 stock: 50,
 price: 100.08
}, {name: The Secret Lives of Protons Vol. 9910,
 info: Author: U. Quark ISBN: 978-000009910-0,
 stock: 50,
 price: 100.1
}, {name: The Secret Lives of Protons Vol. 9912,
 info: Author: U. Quark ISBN: 978-000009912-0,
 stock: 50,
 price: 100.12
}, {name: The Secret Lives of Protons Vol. 9914,
 info: Author: U. Quark ISBN: 978-000009914-0,
 stock: 50,
 price: 100.14
}, {name: The Secret Lives of Protons Vol. 9916,
 info: Author: U. Quark ISBN: 978-000009916-0,
 stock: 50,
 price: 100.16
}, {name: The Secret Lives of Protons Vol. 9918,
 info: Author: U. Quark ISBN: 978-000009918-0,
 stock: 50,
 price: 100.18
}, {name: The Secret Lives of Protons Vol. 992,
 info: Author: U. Quark ISBN: 978-000000992-0,
 stock: 50,
 price: 10.92
}, {name: The Secret Lives of Protons Vol. 9920,
 info: Author: U. Quark ISBN: 978-000009920-0,
 stock: 50,
 price: 100.2
}, {name: The Secret Lives of Protons Vol. 9922,
 info: Author: U. Quark ISBN: 978-000009922-0,
 stock: 50,
 price: 100.22
}, {name: The Secret Lives of Protons Vol. 9924,
 info: Author: U. Quark ISBN: 978-000009924-0,
 stock: 50,
 price: 100.24
}, {name: The Secret Lives of Protons Vol. 9926,
 info: Author: U. Quark ISBN: 978-000009926-0,
 stock: 50,
 price: 100.26
}, {name: The Secret Lives of Protons Vol. 9928,
 info: Author: U. Quark ISBN: 978-000009928-0,
 stock: 50,
 price: 100.28
}, {name: The Secret Lives of Protons Vol. 9930,
 info: Author: U. Quark ISBN: 978-000009930-0,
 stock: 50,
 price: 100.3
}, {name: The Secret Lives of Protons Vol. 9932,
 info: Author: U. Quark ISBN: 978-000009932-0,
 stock: 50,
 price: 100.32
}, {name: The Secret Lives of Protons Vol. 9934,
 info: Author: U. Quark ISBN: 978-000009934-0,
 stock: 50,
 price: 100.34
}, {name: The Secret Lives of Protons Vol. 9936,
 info: Author: U. Quark ISBN: 978-000009936-0,
 stock: 50,
 price: 100.36
}, {name: The Secret Lives of Protons Vol. 9938,
 info: Author: U. Quark ISBN: 978-000009938-0,
 stock: 50,
 price: 100.38
}, {name: The Secret Lives of Protons Vol. 994,
 info: Author: U. Quark ISBN: 978-000000994-0,
 stock: 50,
 price: 10.94
}, {name: The Secret Lives of Protons Vol. 9940,
 info: Author: U. Quark ISBN: 978-000009940-0,
 stock: 50,
 price: 100.4
}, {name: The Secret Lives of Protons Vol. 9942,
 info: Author: U. Quark ISBN: 978-000009942-0,
 stock: 50,
 price: 100.42
}, {name: The Secret Lives of Protons Vol. 9944,
 info: Author: U. Quark ISBN: 978-000009944-0,
 stock: 50,
 price: 100.44
}, {name: The Secret Lives of Protons Vol. 9946,
 info: Author: U. Quark ISBN: 978-000009946-0,
 stock: 50,
 price: 100.46
}, {name: The Secret Lives of Protons Vol. 9948,
 info: Author: U. Quark ISBN: 978-000009948-0,
 stock: 50,
 price: 100.48
}, {name: The Secret Lives of Protons Vol. 9950,
 info: Author: U. Quark ISBN: 978-000009950-0,
 stock: 50,
 price: 100.5
}, {name: The Secret Lives of Protons Vol. 9952,
 info: Author: U. Quark ISBN: 978-000009952-0,
 stock: 50,
 price: 100.52
}, {name: The Secret Lives of Protons Vol. 9954,
 info: Author: U. Quark ISBN: 978-000009954-0,
 stock: 50,
 price: 100.54
}, {name: The Secret Lives of Protons Vol. 9956,
 info: Author: U. Quark ISBN: 978-000009956-0,
 stock: 50,
 price: 100.56
}, {name: The Secret Lives of Protons Vol. 9958,
 info: Author: U. Quark ISBN: 978-000009958-0,
 stock: 50,
 price: 100.58
}, {name: The Secret Lives of Protons Vol. 996,
 info: Author: U. Quark ISBN: 978-000000996-0,
 stock: 50,
 price: 10.96
}, {name: The Secret Lives of Protons Vol. 9960,
 info: Author: U. Quark ISBN: 978-000009960-0,
 stock: 50,
 price: 100.6
}, {name: The Secret Lives of Protons Vol. 9962,
 info: Author: U. Quark ISBN: 978-000009962-0,
 stock: 50,
 price: 100.62
}, {name: The Secret Lives of Protons Vol. 9964,
 info: Author: U. Quark ISBN: 978-000009964-0,
 stock: 50,
 price: 100.64
}, {name: The Secret Lives of Protons Vol. 9966,
 info: Author: U. Quark ISBN: 978-000009966-0,
 stock: 50,
 price: 100.66
}, {name: The Secret Lives of Protons Vol. 9968,
 info: Author: U. Quark ISBN: 978-000009968-0,
 stock: 50,
 price: 100.68
}, {name: The Secret Lives of Protons Vol. 9970,
 info: Author: U. Quark ISBN: 978-000009970-0,
 stock: 50,
 price: 100.7
}, {name: The Secret Lives of Protons Vol. 9972,
 info: Author: U. Quark ISBN: 978-000009972-0,
 stock: 50,
 price: 100.72
}, {name: The Secret Lives of Protons Vol. 9974,
 info: Author: U. Quark ISBN: 978-000009974-0,
 stock: 50,
 price: 100.74
}, {name: The Secret Lives of Protons Vol. 9976,
 info: Author: U. Quark ISBN: 978-000009976-0,
 stock: 50,
 price: 100.76
}, {name: The Secret Lives of Protons Vol. 9978,
 info: Author: U. Quark ISBN: 978-000009978-0,
 stock: 50,
 price: 100.78
}, {name: The Secret Lives of Protons Vol. 998,
 info: Author: U. Quark ISBN: 978-000000998-0,
 stock: 50,
 price: 10.98
}, {name: The Secret Lives of Protons Vol. 9980,
 info: Author: U. Quark ISBN: 978-000009980-0,
 stock: 50,
 price: 100.8
}, {name: The Secret Lives of Protons Vol. 9982,
 info: Author: U. Quark ISBN: 978-000009982-0,
 stock: 50,
 price: 100.82
}, {name: The Secret Lives of Protons Vol. 9984,
 info: Author: U. Quark ISBN: 978-000009984-0,
 stock: 50,
 price: 100.84
}, {name: The Secret Lives of Protons Vol. 9986,
 info: Author: U. Quark ISBN: 978-000009986-0,
 stock: 50,
 price: 100.86
}, {name: The Secret Lives of Protons Vol. 9988,
 info: Author: U. Quark ISBN: 978-000009988-0,
 stock: 50,
 price: 100.88
}, {name: The Secret Lives of Protons Vol. 9990,
 info: Author: U. Quark ISBN: 978-000009990-0,
 stock: 50,
 price: 100.9
}, {name: The Secret Lives of Protons Vol. 9992,
 info: Author: U. Quark ISBN: 978-000009992-0,
 stock: 50,
 price: 100.92
}, {name: The Secret Lives of Protons Vol. 9994,
 info: Author: U. Quark ISBN: 978-000009994-0,
 stock: 50,
 price: 100.94
}, {name: The Secret Lives of Protons Vol. 9996,
 info: Author: U. Quark ISBN: 978-000009996-0,
 stock: 50,
 price: 100.96
}, {name: The Secret Lives of Protons Vol. 9998,
 info: Author: U. Quark ISBN: 978-000009998-0,
 stock: 50,
 price: 100.98
}],
 actual: [])
Expected: true
[  FAILED  ] AmazonStress.AndSearch10000Products (667 ms)
[----------] 1 test from AmazonStress (667 ms total)

[----------] Global test environment tear-down
[==========] 1 test from 1 test suite ran. (667 ms total)
[  PASSED  ] 0 tests.
[  FAILED  ] 1 test, listed below:
[  FAILED  ] AmazonStress.AndSearch10000Products

 1 FAILED TEST
<end of output>
Test time =   0.67 sec
----------------------------------------------------------
Test Failed.
"AmazonStress.AndSearch10000Products" end time: Feb 10 23:51 UTC
"AmazonStress.AndSearch10000Products" time elapsed: 00:00:00
----------------------------------------------------------

End testing: Feb 10 23:51 UTC
